============================================================
  Generated by:           Genus(TM) Synthesis Solution 21.15-s080_1
  Generated on:           Oct 31 2025  02:10:21 pm
  Module:                 high_speed_daq_controller
  Operating conditions:   PVT_1P8V_25C 
  Interconnect mode:      global
  Area mode:              timing library
============================================================

Timing
--------

Clock  Period 
--------------
clk   15000.0 


  Cost    Critical         Violating 
 Group   Path Slack  TNS     Paths   
-------------------------------------
C2C             5.2   0.0          0 
C2O        No paths   0.0            
clk         12612.2   0.0          0 
default    No paths   0.0            
I2C        No paths   0.0            
I2O        No paths   0.0            
-------------------------------------
Total                 0.0          0 

Instance Count
--------------
Leaf Instance Count             76654 
Physical Instance count             0 
Sequential Instance Count       12011 
Combinational Instance Count    64643 
Hierarchical Instance Count         1 

Area
----
Cell Area                          1711135.758
Physical Cell Area                 0.000
Total Cell Area (Cell+Physical)    1711135.758
Net Area                           700725.731
Total Area (Cell+Physical+Net)     2411861.489

Runtime                            620.0334250000001 seconds
Elapsed Runtime                    1239 seconds
Genus peak memory usage            2448.49 
Innovus peak memory usage          no_value 
Hostname                           lab1-30.eng.utah.edu
