============================================================
  Generated by:           Genus(TM) Synthesis Solution 21.15-s080_1
  Generated on:           Oct 31 2025  02:10:25 pm
  Module:                 high_speed_daq_controller
  Operating conditions:   PVT_1P8V_25C 
  Interconnect mode:      global
  Area mode:              timing library
============================================================

                                   Leakage  
  Gate    Instances     Area     Power (nW)       Library       
----------------------------------------------------------------
AND2X1         6400    95083.520    260.686    sclib_tsmc180_tt 
BUFX1            16      202.586      0.654    sclib_tsmc180_tt 
DFFQSRX1       1931   190751.898    607.448    sclib_tsmc180_tt 
DFFQX1        10080   503798.400   1475.732    sclib_tsmc180_tt 
INVX1            10       82.712      0.204    sclib_tsmc180_tt 
INVX16           10      280.280      0.557    sclib_tsmc180_tt 
INVX2          3031    25070.007     59.738    sclib_tsmc180_tt 
INVX32            2       99.960      0.206    sclib_tsmc180_tt 
INVX4           237     2480.537      5.364    sclib_tsmc180_tt 
INVX8            20      341.040      0.701    sclib_tsmc180_tt 
MUX2X1        13401   294178.752    891.061    sclib_tsmc180_tt 
NAND2X1       20069   254105.650    358.911    sclib_tsmc180_tt 
NAND3X1        4268    72777.936    102.355    sclib_tsmc180_tt 
NOR2X1         9987   126451.399    333.553    sclib_tsmc180_tt 
OR2X1          3036    45105.245    167.079    sclib_tsmc180_tt 
XOR2X1         4156   100325.836    369.342    sclib_tsmc180_tt 
----------------------------------------------------------------
total         76654  1711135.758   4633.592                     


                                              Leakage  Leakage 
     Type      Instances     Area    Area % Power (nW) Power % 
---------------------------------------------------------------
sequential         12011  694550.298   40.6   2083.180    45.0 
inverter            3310   28354.536    1.7     66.771     1.4 
buffer                16     202.586    0.0      0.654     0.0 
logic              61317  988028.338   57.7   2482.987    53.6 
physical_cells         0       0.000    0.0      0.000     0.0 
---------------------------------------------------------------
total              76654 1711135.758  100.0   4633.592   100.0 

