============================================================
  Generated by:           Genus(TM) Synthesis Solution 21.15-s080_1
  Generated on:           Oct 31 2025  02:03:14 pm
  Module:                 high_speed_daq_controller
  Operating conditions:   PVT_1P8V_25C 
  Interconnect mode:      global
  Area mode:              timing library
============================================================

Timing
--------

Clock  Period 
--------------
clk   15000.0 


  Cost    Critical              Violating 
 Group   Path Slack     TNS       Paths   
------------------------------------------
C2C         -2230.0   -61795.8        144 
C2O        No paths        0.0            
clk         12550.6        0.0          0 
default    No paths        0.0            
I2C        No paths        0.0            
I2O        No paths        0.0            
------------------------------------------
Total                 -61795.8        144 

Instance Count
--------------
Leaf Instance Count             92706 
Physical Instance count             0 
Sequential Instance Count       12011 
Combinational Instance Count    80695 
Hierarchical Instance Count        30 

Area
----
Cell Area                          2697726.765
Physical Cell Area                 0.000
Total Cell Area (Cell+Physical)    2697726.765
Net Area                           91.276
Total Area (Cell+Physical+Net)     2697818.041

Runtime                            346.676913 seconds
Elapsed Runtime                    811 seconds
Genus peak memory usage            2423.05 
Innovus peak memory usage          no_value 
Hostname                           lab1-30.eng.utah.edu
