============================================================
  Generated by:           Genus(TM) Synthesis Solution 21.15-s080_1
  Generated on:           Oct 31 2025  01:50:09 pm
  Module:                 high_speed_daq_controller
  Operating conditions:   PVT_1P8V_25C 
  Interconnect mode:      global
  Area mode:              timing library
============================================================

Some unconstrained paths have not been displayed.
Use -unconstrained or set the root attribute 'timing_report_unconstrained' to 'true' to see only these unconstrained paths.

============================================================
  Generated by:           Genus(TM) Synthesis Solution 21.15-s080_1
  Generated on:           Oct 31 2025  01:50:09 pm
  Module:                 high_speed_daq_controller
  Operating conditions:   PVT_1P8V_25C 
  Interconnect mode:      global
  Area mode:              timing library
============================================================


Path 1: MET (12587 ps) Clock Gating Setup Check at pin g1041/in_1
          Group: clk
     Startpoint: (R) serial_active_reg/clk
          Clock: (R) clk
       Endpoint: (R) g1041/in_1
          Clock: (R) clk

                     Capture       Launch     
        Clock Edge:+   15000            0     
       Src Latency:+       0            0     
       Net Latency:+       0 (I)        0 (I) 
           Arrival:=   15000            0     
                                              
  Gate Check Setup:-       0                  
       Uncertainty:-    2000                  
     Required Time:=   13000                  
      Launch Clock:-       0                  
         Data Path:-     413                  
             Slack:=   12587                  

Exceptions/Constraints:
  output_delay              0              clk_gating_check_1 

#-----------------------------------------------------------------------------------------------------
#     Timing Point      Flags    Arc   Edge      Cell        Fanout Load Trans Delay Arrival Instance 
#                                                                   (fF)  (ps)  (ps)   (ps)  Location 
#-----------------------------------------------------------------------------------------------------
  serial_active_reg/clk -       -      R     (arrival)        13166    -     0     0       0    (-,-) 
  serial_active_reg/q   (u)     clk->q R     unmapped_d_flop     10 61.2     0   413     413    (-,-) 
  g1041/in_1            (b)     -      R     unmapped_and2        -    -     -     0     413    (-,-) 
#-----------------------------------------------------------------------------------------------------

(u) : Net has unmapped pin(s).
(b) : Timing paths are broken.

============================================================
  Generated by:           Genus(TM) Synthesis Solution 21.15-s080_1
  Generated on:           Oct 31 2025  01:50:09 pm
  Module:                 high_speed_daq_controller
  Operating conditions:   PVT_1P8V_25C 
  Interconnect mode:      global
  Area mode:              timing library
============================================================

No paths found

============================================================
  Generated by:           Genus(TM) Synthesis Solution 21.15-s080_1
  Generated on:           Oct 31 2025  01:50:09 pm
  Module:                 high_speed_daq_controller
  Operating conditions:   PVT_1P8V_25C 
  Interconnect mode:      global
  Area mode:              timing library
============================================================

No paths found

============================================================
  Generated by:           Genus(TM) Synthesis Solution 21.15-s080_1
  Generated on:           Oct 31 2025  01:50:09 pm
  Module:                 high_speed_daq_controller
  Operating conditions:   PVT_1P8V_25C 
  Interconnect mode:      global
  Area mode:              timing library
============================================================


Path 1: VIOLATED (-7096 ps) Setup Check with Pin perf_mon/current_latency_reg[31]/clk->d
          Group: C2C
     Startpoint: (R) config_registers_reg[1][0]/clk
          Clock: (R) clk
       Endpoint: (R) perf_mon/current_latency_reg[31]/d
          Clock: (R) clk

                     Capture       Launch     
        Clock Edge:+   15000            0     
       Src Latency:+       0            0     
       Net Latency:+       0 (I)        0 (I) 
           Arrival:=   15000            0     
                                              
             Setup:-     204                  
       Uncertainty:-    2000                  
     Required Time:=   12796                  
      Launch Clock:-       0                  
         Data Path:-   19892                  
             Slack:=   -7096                  

#---------------------------------------------------------------------------------------------------------------------------------------------------------
#                              Timing Point                               Flags     Arc    Edge      Cell        Fanout Load Trans Delay Arrival Instance 
#                                                                                                                       (fF)  (ps)  (ps)   (ps)  Location 
#---------------------------------------------------------------------------------------------------------------------------------------------------------
  config_registers_reg[1][0]/clk                                          -       -        R     (arrival)        13166    -     0     0       0    (-,-) 
  config_registers_reg[1][0]/q                                            (u)     clk->q   R     unmapped_d_flop     18 72.0     0   426     426    (-,-) 
  mux_123_33/g8/z                                                         (u)     data0->z R     unmapped_bmux3      15 60.0     0   348     774    (-,-) 
  arbiter_inst/g370/z                                                     (u)     in_1->z  R     unmapped_and2        8 32.0     0   248    1021    (-,-) 
  arbiter_inst/g416/z                                                     (u)     in_0->z  R     unmapped_and2        9 36.0     0   252    1274    (-,-) 
  arbiter_inst/find_max_weight_channel_151_32:mux_max_weight_112_45/g7/z  (u)     sel0->z  F     unmapped_bmux3       3 12.0     0   257    1530    (-,-) 
  arbiter_inst/find_max_weight_channel_151_32:gt_112_59_I2/g12/z          (u)     in_0->z  R     unmapped_nor2        1  4.0     0   122    1653    (-,-) 
  arbiter_inst/find_max_weight_channel_151_32:gt_112_59_I2/g26/z          (u)     in_0->z  F     unmapped_not         1  4.0     0    77    1730    (-,-) 
  arbiter_inst/find_max_weight_channel_151_32:gt_112_59_I2/g27/z          (u)     in_1->z  R     unmapped_nand2       1  4.0     0   122    1852    (-,-) 
  arbiter_inst/find_max_weight_channel_151_32:gt_112_59_I2/g28/z          (u)     in_1->z  F     unmapped_nand2       1  4.0     0   122    1974    (-,-) 
  arbiter_inst/find_max_weight_channel_151_32:gt_112_59_I2/g44/z          (u)     in_1->z  R     unmapped_nand2       1  4.0     0   122    2096    (-,-) 
  arbiter_inst/find_max_weight_channel_151_32:gt_112_59_I2/g45/z          (u)     in_1->z  F     unmapped_nand2       1  4.0     0   122    2219    (-,-) 
  arbiter_inst/find_max_weight_channel_151_32:gt_112_59_I2/g65/z          (u)     in_0->z  R     unmapped_nand2       1  4.0     0   122    2341    (-,-) 
  arbiter_inst/find_max_weight_channel_151_32:gt_112_59_I2/g66/z          (u)     in_1->z  F     unmapped_nand2       1  4.0     0   122    2463    (-,-) 
  arbiter_inst/find_max_weight_channel_151_32:gt_112_59_I2/g10/z          (u)     in_0->z  R     unmapped_not         1  4.0     0    77    2540    (-,-) 
  arbiter_inst/g418/z                                                     (u)     in_1->z  R     unmapped_and2        9 36.0     0   252    2792    (-,-) 
  arbiter_inst/find_max_weight_channel_151_32:mux_max_weight_112_19/g7/z  (u)     sel0->z  F     unmapped_bmux3       3 12.0     0   257    3049    (-,-) 
  arbiter_inst/find_max_weight_channel_151_32:gt_112_59_I3/g12/z          (u)     in_0->z  R     unmapped_nor2        1  4.0     0   122    3171    (-,-) 
  arbiter_inst/find_max_weight_channel_151_32:gt_112_59_I3/g26/z          (u)     in_0->z  F     unmapped_not         1  4.0     0    77    3249    (-,-) 
  arbiter_inst/find_max_weight_channel_151_32:gt_112_59_I3/g27/z          (u)     in_1->z  R     unmapped_nand2       1  4.0     0   122    3371    (-,-) 
  arbiter_inst/find_max_weight_channel_151_32:gt_112_59_I3/g28/z          (u)     in_1->z  F     unmapped_nand2       1  4.0     0   122    3493    (-,-) 
  arbiter_inst/find_max_weight_channel_151_32:gt_112_59_I3/g44/z          (u)     in_1->z  R     unmapped_nand2       1  4.0     0   122    3615    (-,-) 
  arbiter_inst/find_max_weight_channel_151_32:gt_112_59_I3/g45/z          (u)     in_1->z  F     unmapped_nand2       1  4.0     0   122    3737    (-,-) 
  arbiter_inst/find_max_weight_channel_151_32:gt_112_59_I3/g65/z          (u)     in_0->z  R     unmapped_nand2       1  4.0     0   122    3860    (-,-) 
  arbiter_inst/find_max_weight_channel_151_32:gt_112_59_I3/g66/z          (u)     in_1->z  F     unmapped_nand2       1  4.0     0   122    3982    (-,-) 
  arbiter_inst/find_max_weight_channel_151_32:gt_112_59_I3/g10/z          (u)     in_0->z  R     unmapped_not         1  4.0     0    77    4059    (-,-) 
  arbiter_inst/g420/z                                                     (u)     in_1->z  R     unmapped_and2        9 36.0     0   252    4311    (-,-) 
  arbiter_inst/find_max_weight_channel_151_32:mux_max_weight_112_21/g7/z  (u)     sel0->z  F     unmapped_bmux3       3 12.0     0   257    4568    (-,-) 
  arbiter_inst/find_max_weight_channel_151_32:gt_112_59_I4/g12/z          (u)     in_0->z  R     unmapped_nor2        1  4.0     0   122    4690    (-,-) 
  arbiter_inst/find_max_weight_channel_151_32:gt_112_59_I4/g26/z          (u)     in_0->z  F     unmapped_not         1  4.0     0    77    4767    (-,-) 
  arbiter_inst/find_max_weight_channel_151_32:gt_112_59_I4/g27/z          (u)     in_1->z  R     unmapped_nand2       1  4.0     0   122    4890    (-,-) 
  arbiter_inst/find_max_weight_channel_151_32:gt_112_59_I4/g28/z          (u)     in_1->z  F     unmapped_nand2       1  4.0     0   122    5012    (-,-) 
  arbiter_inst/find_max_weight_channel_151_32:gt_112_59_I4/g44/z          (u)     in_1->z  R     unmapped_nand2       1  4.0     0   122    5134    (-,-) 
  arbiter_inst/find_max_weight_channel_151_32:gt_112_59_I4/g45/z          (u)     in_1->z  F     unmapped_nand2       1  4.0     0   122    5256    (-,-) 
  arbiter_inst/find_max_weight_channel_151_32:gt_112_59_I4/g65/z          (u)     in_0->z  R     unmapped_nand2       1  4.0     0   122    5378    (-,-) 
  arbiter_inst/find_max_weight_channel_151_32:gt_112_59_I4/g66/z          (u)     in_1->z  F     unmapped_nand2       1  4.0     0   122    5501    (-,-) 
  arbiter_inst/find_max_weight_channel_151_32:gt_112_59_I4/g10/z          (u)     in_0->z  R     unmapped_not         1  4.0     0    77    5578    (-,-) 
  arbiter_inst/g422/z                                                     (u)     in_1->z  R     unmapped_and2        9 36.0     0   252    5830    (-,-) 
  arbiter_inst/find_max_weight_channel_151_32:mux_max_weight_112_23/g7/z  (u)     sel0->z  F     unmapped_bmux3       3 12.0     0   257    6087    (-,-) 
  arbiter_inst/find_max_weight_channel_151_32:gt_112_59_I5/g12/z          (u)     in_0->z  R     unmapped_nor2        1  4.0     0   122    6209    (-,-) 
  arbiter_inst/find_max_weight_channel_151_32:gt_112_59_I5/g26/z          (u)     in_0->z  F     unmapped_not         1  4.0     0    77    6286    (-,-) 
  arbiter_inst/find_max_weight_channel_151_32:gt_112_59_I5/g27/z          (u)     in_1->z  R     unmapped_nand2       1  4.0     0   122    6408    (-,-) 
  arbiter_inst/find_max_weight_channel_151_32:gt_112_59_I5/g28/z          (u)     in_1->z  F     unmapped_nand2       1  4.0     0   122    6531    (-,-) 
  arbiter_inst/find_max_weight_channel_151_32:gt_112_59_I5/g44/z          (u)     in_1->z  R     unmapped_nand2       1  4.0     0   122    6653    (-,-) 
  arbiter_inst/find_max_weight_channel_151_32:gt_112_59_I5/g45/z          (u)     in_1->z  F     unmapped_nand2       1  4.0     0   122    6775    (-,-) 
  arbiter_inst/find_max_weight_channel_151_32:gt_112_59_I5/g65/z          (u)     in_0->z  R     unmapped_nand2       1  4.0     0   122    6897    (-,-) 
  arbiter_inst/find_max_weight_channel_151_32:gt_112_59_I5/g66/z          (u)     in_1->z  F     unmapped_nand2       1  4.0     0   122    7019    (-,-) 
  arbiter_inst/find_max_weight_channel_151_32:gt_112_59_I5/g10/z          (u)     in_0->z  R     unmapped_not         1  4.0     0    77    7097    (-,-) 
  arbiter_inst/g424/z                                                     (u)     in_1->z  R     unmapped_and2        9 36.0     0   252    7349    (-,-) 
  arbiter_inst/find_max_weight_channel_151_32:mux_max_weight_112_25/g7/z  (u)     sel0->z  F     unmapped_bmux3       3 12.0     0   257    7606    (-,-) 
  arbiter_inst/find_max_weight_channel_151_32:gt_112_59_I6/g12/z          (u)     in_0->z  R     unmapped_nor2        1  4.0     0   122    7728    (-,-) 
  arbiter_inst/find_max_weight_channel_151_32:gt_112_59_I6/g26/z          (u)     in_0->z  F     unmapped_not         1  4.0     0    77    7805    (-,-) 
  arbiter_inst/find_max_weight_channel_151_32:gt_112_59_I6/g27/z          (u)     in_1->z  R     unmapped_nand2       1  4.0     0   122    7927    (-,-) 
  arbiter_inst/find_max_weight_channel_151_32:gt_112_59_I6/g28/z          (u)     in_1->z  F     unmapped_nand2       1  4.0     0   122    8049    (-,-) 
  arbiter_inst/find_max_weight_channel_151_32:gt_112_59_I6/g44/z          (u)     in_1->z  R     unmapped_nand2       1  4.0     0   122    8172    (-,-) 
  arbiter_inst/find_max_weight_channel_151_32:gt_112_59_I6/g45/z          (u)     in_1->z  F     unmapped_nand2       1  4.0     0   122    8294    (-,-) 
  arbiter_inst/find_max_weight_channel_151_32:gt_112_59_I6/g65/z          (u)     in_0->z  R     unmapped_nand2       1  4.0     0   122    8416    (-,-) 
  arbiter_inst/find_max_weight_channel_151_32:gt_112_59_I6/g66/z          (u)     in_1->z  F     unmapped_nand2       1  4.0     0   122    8538    (-,-) 
  arbiter_inst/find_max_weight_channel_151_32:gt_112_59_I6/g10/z          (u)     in_0->z  R     unmapped_not         1  4.0     0    77    8615    (-,-) 
  arbiter_inst/g426/z                                                     (u)     in_1->z  R     unmapped_and2        9 36.0     0   252    8868    (-,-) 
  arbiter_inst/find_max_weight_channel_151_32:mux_max_weight_112_27/g7/z  (u)     sel0->z  F     unmapped_bmux3       3 12.0     0   257    9124    (-,-) 
  arbiter_inst/find_max_weight_channel_151_32:gt_112_59_I7/g12/z          (u)     in_0->z  R     unmapped_nor2        1  4.0     0   122    9247    (-,-) 
  arbiter_inst/find_max_weight_channel_151_32:gt_112_59_I7/g26/z          (u)     in_0->z  F     unmapped_not         1  4.0     0    77    9324    (-,-) 
  arbiter_inst/find_max_weight_channel_151_32:gt_112_59_I7/g27/z          (u)     in_1->z  R     unmapped_nand2       1  4.0     0   122    9446    (-,-) 
  arbiter_inst/find_max_weight_channel_151_32:gt_112_59_I7/g28/z          (u)     in_1->z  F     unmapped_nand2       1  4.0     0   122    9568    (-,-) 
  arbiter_inst/find_max_weight_channel_151_32:gt_112_59_I7/g44/z          (u)     in_1->z  R     unmapped_nand2       1  4.0     0   122    9690    (-,-) 
  arbiter_inst/find_max_weight_channel_151_32:gt_112_59_I7/g45/z          (u)     in_1->z  F     unmapped_nand2       1  4.0     0   122    9813    (-,-) 
  arbiter_inst/find_max_weight_channel_151_32:gt_112_59_I7/g65/z          (u)     in_0->z  R     unmapped_nand2       1  4.0     0   122    9935    (-,-) 
  arbiter_inst/find_max_weight_channel_151_32:gt_112_59_I7/g66/z          (u)     in_1->z  F     unmapped_nand2       1  4.0     0   122   10057    (-,-) 
  arbiter_inst/find_max_weight_channel_151_32:gt_112_59_I7/g10/z          (u)     in_0->z  R     unmapped_not         1  4.0     0    77   10134    (-,-) 
  arbiter_inst/g428/z                                                     (u)     in_1->z  R     unmapped_and2        9 36.0     0   252   10386    (-,-) 
  arbiter_inst/find_max_weight_channel_151_32:mux_max_weight_112_29/g7/z  (u)     sel0->z  R     unmapped_bmux3       2  8.0     0   233   10620    (-,-) 
  arbiter_inst/find_max_weight_channel_151_32:gt_112_59_I8/g12/z          (u)     in_0->z  F     unmapped_nor2        1  4.0     0   122   10742    (-,-) 
  arbiter_inst/find_max_weight_channel_151_32:gt_112_59_I8/g26/z          (u)     in_0->z  R     unmapped_not         1  4.0     0    77   10819    (-,-) 
  arbiter_inst/find_max_weight_channel_151_32:gt_112_59_I8/g27/z          (u)     in_1->z  F     unmapped_nand2       1  4.0     0   122   10941    (-,-) 
  arbiter_inst/find_max_weight_channel_151_32:gt_112_59_I8/g28/z          (u)     in_1->z  R     unmapped_nand2       1  4.0     0   122   11064    (-,-) 
  arbiter_inst/find_max_weight_channel_151_32:gt_112_59_I8/g44/z          (u)     in_1->z  F     unmapped_nand2       1  4.0     0   122   11186    (-,-) 
  arbiter_inst/find_max_weight_channel_151_32:gt_112_59_I8/g45/z          (u)     in_1->z  R     unmapped_nand2       1  4.0     0   122   11308    (-,-) 
  arbiter_inst/find_max_weight_channel_151_32:gt_112_59_I8/g65/z          (u)     in_0->z  F     unmapped_nand2       1  4.0     0   122   11430    (-,-) 
  arbiter_inst/find_max_weight_channel_151_32:gt_112_59_I8/g66/z          (u)     in_1->z  R     unmapped_nand2       1  4.0     0   122   11552    (-,-) 
  arbiter_inst/find_max_weight_channel_151_32:gt_112_59_I8/g10/z          (u)     in_0->z  F     unmapped_not         1  4.0     0    77   11630    (-,-) 
  arbiter_inst/g430/z                                                     (u)     in_1->z  F     unmapped_and2        1  4.0     0   122   11752    (-,-) 
  arbiter_inst/ctl_112_336/g23/z                                          (u)     in_1->z  F     unmapped_xnor2       6 24.0     0   300   12052    (-,-) 
  arbiter_inst/ctl_112_336/g1/z                                           (u)     in_1->z  F     unmapped_or2         3 12.0     0   189   12242    (-,-) 
  arbiter_inst/ctl_112_336/g4/z                                           (u)     in_1->z  F     unmapped_or2         3 12.0     0   189   12431    (-,-) 
  arbiter_inst/ctl_112_336/g5/z                                           (u)     in_1->z  F     unmapped_or2         2  8.0     0   166   12597    (-,-) 
  arbiter_inst/ctl_112_336/g19/z                                          (u)     in_0->z  R     unmapped_not         1  4.0     0    77   12674    (-,-) 
  arbiter_inst/ctl_112_336/g20/z                                          (u)     in_0->z  R     unmapped_and2        3 12.0     0   189   12864    (-,-) 
  arbiter_inst/find_max_weight_channel_151_32:mux_max_channel_112_45/g3/z (u)     sel6->z  R     unmapped_mux18       3 12.0     0   526   13390    (-,-) 
  arbiter_inst/mux_next_channel_139_17/g3/z                               (u)     data0->z R     unmapped_bmux3       1  4.0     0   190   13579    (-,-) 
  arbiter_inst/mux_next_channel_122_11/g3/z                               (u)     data3->z R     unmapped_bmux6     234 69.2     0   601   14180    (-,-) 
  perf_mon/mux_sample_start_time[read_channel]_142_56/g31/z               (u)     sel0->z  F     unmapped_bmux11      1  4.0     0   447   14627    (-,-) 
  perf_mon/sub_142_54/g32/z                                               (u)     in_0->z  R     unmapped_not         2  8.0     0   121   14748    (-,-) 
  perf_mon/sub_142_54/g36/z                                               (u)     in_1->z  F     unmapped_nor2        1  4.0     0   122   14870    (-,-) 
  perf_mon/sub_142_54/g98/z                                               (u)     in_0->z  R     unmapped_not         2  8.0     0   121   14991    (-,-) 
  perf_mon/sub_142_54/g99/z                                               (u)     in_1->z  F     unmapped_nand2       1  4.0     0   122   15113    (-,-) 
  perf_mon/sub_142_54/g100/z                                              (u)     in_1->z  R     unmapped_nand2       3 12.0     0   189   15303    (-,-) 
  perf_mon/sub_142_54/g164/z                                              (u)     in_1->z  F     unmapped_nand2       1  4.0     0   122   15425    (-,-) 
  perf_mon/sub_142_54/g165/z                                              (u)     in_1->z  R     unmapped_nand2       5 20.0     0   224   15649    (-,-) 
  perf_mon/sub_142_54/g245/z                                              (u)     in_0->z  F     unmapped_nand2       1  4.0     0   122   15771    (-,-) 
  perf_mon/sub_142_54/g246/z                                              (u)     in_1->z  R     unmapped_nand2       9 36.0     0   252   16023    (-,-) 
  perf_mon/sub_142_54/g315/z                                              (u)     in_1->z  F     unmapped_nand2       1  4.0     0   122   16145    (-,-) 
  perf_mon/sub_142_54/g316/z                                              (u)     in_1->z  R     unmapped_nand2      16 64.0     0   285   16430    (-,-) 
  perf_mon/sub_142_54/g358/z                                              (u)     in_0->z  F     unmapped_nand2       1  4.0     0   122   16552    (-,-) 
  perf_mon/sub_142_54/g359/z                                              (u)     in_1->z  R     unmapped_nand2       1  4.0     0   122   16675    (-,-) 
  perf_mon/sub_142_54/g442/z                                              (u)     in_0->z  F     unmapped_xnor2       5 20.0     0   291   16966    (-,-) 
  perf_mon/mul_142_89/g50/z                                               (u)     in_0->z  F     unmapped_and2        3 12.0     0   189   17155    (-,-) 
  perf_mon/mul_142_89/g504/z                                              (u)     in_1->z  R     unmapped_nand2       1  4.0     0   122   17278    (-,-) 
  perf_mon/mul_142_89/g506/z                                              (u)     in_1->z  F     unmapped_nand3       3 12.0     0   230   17508    (-,-) 
  perf_mon/mul_142_89/g526/z                                              (u)     in_1->z  R     unmapped_xor2        3 12.0     0   257   17764    (-,-) 
  perf_mon/mul_142_89/g531/z                                              (u)     in_1->z  R     unmapped_xor2        1  4.0     0   190   17954    (-,-) 
  perf_mon/mul_142_89/g532/z                                              (u)     in_0->z  R     unmapped_xor2        2  8.0     0   233   18187    (-,-) 
  perf_mon/mul_142_89/g796/z                                              (u)     in_1->z  F     unmapped_nor2        3 12.0     0   189   18377    (-,-) 
  perf_mon/mul_142_89/g858/z                                              (u)     in_1->z  R     unmapped_nor2        2  8.0     0   166   18543    (-,-) 
  perf_mon/mul_142_89/g174/z                                              (u)     in_0->z  F     unmapped_not         1  4.0     0    77   18620    (-,-) 
  perf_mon/mul_142_89/g175/z                                              (u)     in_1->z  R     unmapped_nor2        1  4.0     0   122   18742    (-,-) 
  perf_mon/mul_142_89/g177/z                                              (u)     in_0->z  F     unmapped_nor2        5 20.0     0   224   18966    (-,-) 
  perf_mon/mul_142_89/g906/z                                              (u)     in_1->z  R     unmapped_nor2        1  4.0     0   122   19088    (-,-) 
  perf_mon/mul_142_89/g907/z                                              (u)     in_0->z  F     unmapped_nor2        8 32.0     0   248   19336    (-,-) 
  perf_mon/mul_142_89/g971/z                                              (u)     in_0->z  R     unmapped_nor2        1  4.0     0   122   19458    (-,-) 
  perf_mon/mul_142_89/g973/z                                              (u)     in_0->z  F     unmapped_nor2        1  4.0     0   122   19580    (-,-) 
  perf_mon/mul_142_89/g1014/z                                             (u)     in_0->z  R     unmapped_nand2       1  4.0     0   122   19702    (-,-) 
  perf_mon/mul_142_89/g1093/z                                             (u)     in_0->z  R     unmapped_xnor2       1  4.0     0   190   19892    (-,-) 
  perf_mon/current_latency_reg[31]/d                                      -       -        R     unmapped_d_flop      1    -     -     0   19892    (-,-) 
#---------------------------------------------------------------------------------------------------------------------------------------------------------

(u) : Net has unmapped pin(s).

============================================================
  Generated by:           Genus(TM) Synthesis Solution 21.15-s080_1
  Generated on:           Oct 31 2025  01:50:10 pm
  Module:                 high_speed_daq_controller
  Operating conditions:   PVT_1P8V_25C 
  Interconnect mode:      global
  Area mode:              timing library
============================================================

No paths found

