============================================================
  Generated by:           Genus(TM) Synthesis Solution 21.15-s080_1
  Generated on:           Oct 31 2025  02:10:19 pm
  Module:                 high_speed_daq_controller
  Operating conditions:   PVT_1P8V_25C 
  Interconnect mode:      global
  Area mode:              timing library
============================================================


Path 1: MET (5 ps) Setup Check with Pin perf_mon_latency_sum_reg[5][31]/CLK->D
          Group: C2C
     Startpoint: (R) config_registers_reg[9][1]/CLK
          Clock: (R) clk
       Endpoint: (R) perf_mon_latency_sum_reg[5][31]/D
          Clock: (R) clk

                     Capture       Launch     
        Clock Edge:+   15000            0     
       Src Latency:+       0            0     
       Net Latency:+       0 (I)        0 (I) 
           Arrival:=   15000            0     
                                              
             Setup:-     200                  
       Uncertainty:-    2000                  
     Required Time:=   12800                  
      Launch Clock:-       0                  
         Data Path:-   12795                  
             Slack:=       5                  

#------------------------------------------------------------------------------------------------------------
#           Timing Point            Flags    Arc   Edge   Cell     Fanout  Load Trans Delay Arrival Instance 
#                                                                          (fF)  (ps)  (ps)   (ps)  Location 
#------------------------------------------------------------------------------------------------------------
  config_registers_reg[9][1]/CLK    -       -      R     (arrival)  11974     -     0     0       0    (-,-) 
  config_registers_reg[9][1]/Q      -       CLK->Q R     DFFQSRX1       4  20.6   316   296     296    (-,-) 
  g3267996/Z                        -       A->Z   F     INVX2          2  11.9   131   107     403    (-,-) 
  g3267614/Z                        -       B->Z   R     NAND2X1        1   7.3   180   136     539    (-,-) 
  g3267542/Z                        -       A->Z   F     NAND3X1        1   7.3   111    88     626    (-,-) 
  g3267420/Z                        -       A->Z   R     NAND3X1        1   7.3   193   125     751    (-,-) 
  g3267312/Z                        -       A->Z   F     NAND3X1        1   7.3   112    89     840    (-,-) 
  g3267219/Z                        -       A->Z   R     NAND3X1        1   6.8   185   120     960    (-,-) 
  g3267095/Z                        -       A->Z   R     AND2X1         1  10.1   166   149    1109    (-,-) 
  g3267064/Z                        -       A->Z   F     INVX4          4  25.3   108    97    1206    (-,-) 
  g3267001/Z                        -       S->Z   R     MUX2X1         1  10.1   167   208    1414    (-,-) 
  g3266981/Z                        -       A->Z   F     INVX4          3  16.6    87    78    1491    (-,-) 
  g3266914/Z                        -       A->Z   R     NAND2X1        1   6.8   156   104    1595    (-,-) 
  g3266869/Z                        -       A->Z   F     NAND2X1        1   6.9    99    82    1678    (-,-) 
  g3266848/Z                        -       A->Z   R     NAND2X1        1   7.3   150   112    1789    (-,-) 
  g3266814/Z                        -       A->Z   F     NAND3X1        1   7.3   103    82    1872    (-,-) 
  g3266787/Z                        -       A->Z   R     NAND3X1        1   6.8   184   118    1990    (-,-) 
  g3266756/Z                        -       A->Z   F     NAND2X1        1  10.1   129   108    2097    (-,-) 
  g3266744/Z                        -       A->Z   R     INVX4          6  40.0   164   134    2231    (-,-) 
  g3266742/Z                        -       A->Z   F     INVX8          3  17.4    63    56    2286    (-,-) 
  g3266737/Z                        -       B->Z   R     NOR2X1         2  14.8   245   159    2445    (-,-) 
  g3266721/Z                        -       A->Z   F     INVX4          3  16.0    99    84    2530    (-,-) 
  g3266597/Z                        -       C->Z   R     NAND3X1        1   6.8   184   153    2683    (-,-) 
  g3266523/Z                        -       A->Z   F     NAND2X1        1   7.3   109    90    2773    (-,-) 
  g3266442/Z                        -       A->Z   R     NAND3X1        1   7.3   192   124    2896    (-,-) 
  g3266332/Z                        -       A->Z   F     NAND3X1        2  16.0   173   138    3035    (-,-) 
  g3266067/Z                        -       S->Z   R     MUX2X1         2  12.4   200   242    3277    (-,-) 
  g3266015/Z                        -       A->Z   F     INVX2          2  11.1   105    91    3368    (-,-) 
  g3265881/Z                        -       A->Z   R     NAND2X1        1   6.8   158   110    3478    (-,-) 
  g3265834/Z                        -       A->Z   F     NAND2X1        1   6.9    99    83    3560    (-,-) 
  g3265802/Z                        -       A->Z   R     NAND2X1        1   7.3   151   112    3672    (-,-) 
  g3265773/Z                        -       A->Z   F     NAND3X1        1   7.3   103    83    3755    (-,-) 
  g3265766/Z                        -       A->Z   R     NAND3X1        1  10.1   252   145    3900    (-,-) 
  g3265753/Z                        -       A->Z   F     INVX4          6  35.1   152   134    4034    (-,-) 
  g3265704/Z                        -       S->Z   F     MUX2X1         3  16.1   123   214    4248    (-,-) 
  g3265669/Z                        -       A->Z   R     NAND2X1        2  11.9   220   158    4406    (-,-) 
  g3265662/Z                        -       A->Z   F     NAND3X1        1   6.9   113    88    4494    (-,-) 
  g3265630/Z                        -       A->Z   R     NAND2X1        1   6.8   143   112    4606    (-,-) 
  g3265623/Z                        -       A->Z   F     NAND2X1        1   7.2   112    82    4688    (-,-) 
  g3265598/Z                        -       B->Z   R     NAND3X1        3  21.0   399   258    4946    (-,-) 
  g3265587/Z                        -       A->Z   F     INVX4          2  14.4   118    92    5038    (-,-) 
  g3265569/Z                        -       S->Z   R     MUX2X1         3  16.1   253   260    5298    (-,-) 
  g3265549/Z                        -       B->Z   F     NOR2X1         1   7.2   125   112    5410    (-,-) 
  g3265539/Z                        -       A->Z   R     NOR2X1         1   7.3   146   123    5533    (-,-) 
  g3265536/Z                        -       A->Z   F     NAND3X1        1   6.8    98    79    5611    (-,-) 
  g3265523/Z                        -       B->Z   R     NAND2X1        2  11.4   210   158    5770    (-,-) 
  g3265518/Z                        -       A->Z   R     AND2X1         1  10.1   164   150    5920    (-,-) 
  g3265513/Z                        -       A->Z   F     INVX4          5  34.3   130   116    6036    (-,-) 
  g3265512/Z                        -       A->Z   R     INVX8          7  35.5    90    83    6119    (-,-) 
  g3265480/Z                        -       A->Z   F     NAND2X1        2  11.8   128    98    6216    (-,-) 
  g3265452/Z                        -       B->Z   R     NAND3X1        1   6.8   191   146    6362    (-,-) 
  g3265444/Z                        -       A->Z   F     NAND2X1        2  11.4   140   116    6478    (-,-) 
  g3265435/Z                        -       B->Z   F     AND2X1         1   7.3    85   151    6629    (-,-) 
  g3265426/Z                        -       A->Z   R     NAND3X1        1   7.3   193   116    6746    (-,-) 
  g3265418/Z                        -       A->Z   F     NAND3X1        3  16.6   177   142    6888    (-,-) 
  g3265411/Z                        -       B->Z   R     NOR2X1         2  14.8   248   191    7079    (-,-) 
  g3265405/Z                        -       A->Z   F     INVX4         10  48.3   184   160    7239    (-,-) 
  g3265395/Z                        -       B->Z   R     NOR2X1         1   7.3   152   132    7371    (-,-) 
  g3265321/Z                        -       B->Z   F     NOR2X1         1  15.0   184   144    7515    (-,-) 
  g3265222/Z                        -       A->Z   R     INVX8         19  84.7   174   152    7668    (-,-) 
  g3265221/Z                        -       A->Z   F     INVX4          2  30.0   122   109    7777    (-,-) 
  g3265220/Z                        -       A->Z   R     INVX16        45 189.2   182   142    7918    (-,-) 
  g3264484/Z                        -       A->Z   F     NAND2X1        1   6.8   132    86    8004    (-,-) 
  g3264052/Z                        -       B->Z   F     AND2X1         1   7.3    85   149    8153    (-,-) 
  g3683188/Z                        -       A->Z   R     NAND3X1        1   7.2   191   115    8268    (-,-) 
  g3683187/Z                        -       A->Z   R     OR2X1          2  11.5   184   199    8468    (-,-) 
  perf_mon_add_143_72_g1449/Z       -       B->Z   F     NOR2X1         4  21.2   252   189    8656    (-,-) 
  perf_mon_add_143_72_g1337/Z       -       B->Z   F     OR2X1          1   6.9    86   149    8805    (-,-) 
  perf_mon_add_143_72_g1283/Z       -       A->Z   R     NAND2X1        2  11.4   212   142    8947    (-,-) 
  perf_mon_add_143_72_g1275/Z       -       A->Z   F     NAND2X1        1   6.9   110    89    9036    (-,-) 
  perf_mon_add_143_72_g1267/Z       -       A->Z   R     NAND2X1        1   6.8   152   111    9148    (-,-) 
  perf_mon_add_143_72_g1261/Z       -       A->Z   F     NAND2X1        1   6.9   103    82    9229    (-,-) 
  perf_mon_add_143_72_g1254/Z       -       A->Z   F     AND2X1         1   6.8    80   121    9350    (-,-) 
  perf_mon_add_143_72_g1241/Z       -       B->Z   R     NAND2X1        2  11.1   205   150    9500    (-,-) 
  perf_mon_add_143_72_g1234/Z       -       A->Z   F     NAND3X1        1   6.9   111    87    9587    (-,-) 
  perf_mon_add_143_72_g1231/Z       -       A->Z   R     NAND2X1        2  11.1   205   147    9734    (-,-) 
  perf_mon_add_143_72_g1220/Z       -       A->Z   F     NAND3X1        1   7.3   114    90    9824    (-,-) 
  perf_mon_add_143_72_g1217/Z       -       A->Z   R     NAND3X1        3  21.1   393   240   10064    (-,-) 
  perf_mon_add_143_72_g1206/Z       -       A->Z   R     AND2X1         2  12.4   198   174   10238    (-,-) 
  perf_mon_add_143_72_g1202/Z       -       A->Z   F     NAND3X1        1   7.3   113    89   10328    (-,-) 
  perf_mon_add_143_72_g1193/Z       -       A->Z   R     NAND3X1        3  21.6   401   244   10571    (-,-) 
  perf_mon_add_143_72_g1183/Z       -       A->Z   F     NAND3X1        1   6.9   144   100   10672    (-,-) 
  perf_mon_add_143_72_g1177/Z       -       A->Z   R     NAND2X1        2  17.0   291   206   10878    (-,-) 
  perf_mon_add_143_72_g1172/Z       -       A->Z   F     NAND2X1        1   6.9   125    96   10974    (-,-) 
  perf_mon_add_143_72_g1167/Z       -       A->Z   R     NAND2X1        2  17.0   291   200   11174    (-,-) 
  perf_mon_add_143_72_g1165/Z       -       A->Z   F     NAND2X1        1   6.9   125    96   11269    (-,-) 
  perf_mon_add_143_72_g1162/Z       -       A->Z   R     NAND2X1        2  17.0   291   200   11470    (-,-) 
  perf_mon_add_143_72_g1160/Z       -       A->Z   F     NAND2X1        1   6.9   125    96   11565    (-,-) 
  perf_mon_add_143_72_g1157/Z       -       A->Z   R     NAND2X1        2  17.0   291   200   11765    (-,-) 
  perf_mon_add_143_72_g1155/Z       -       A->Z   F     NAND2X1        1   6.9   125    96   11861    (-,-) 
  perf_mon_add_143_72_g1152/Z       -       A->Z   R     NAND2X1        2  17.0   291   200   12061    (-,-) 
  perf_mon_add_143_72_g1150/Z       -       A->Z   F     NAND2X1        1   6.9   125    96   12157    (-,-) 
  g3683120/Z                        -       A->Z   R     NAND2X1        1   8.5   172   130   12287    (-,-) 
  g3683119/Z                        -       A->Z   R     XOR2X1         8  35.8   537   354   12641    (-,-) 
  g3637419/Z                        -       A->Z   R     MUX2X1         1   6.4   120   154   12795    (-,-) 
  perf_mon_latency_sum_reg[5][31]/D -       -      R     DFFQSRX1       1     -     -     0   12795    (-,-) 
#------------------------------------------------------------------------------------------------------------

