============================================================
  Generated by:           Genus(TM) Synthesis Solution 21.15-s080_1
  Generated on:           Oct 31 2025  02:09:22 pm
  Module:                 high_speed_daq_controller
  Operating conditions:   PVT_1P8V_25C 
  Interconnect mode:      global
  Area mode:              timing library
============================================================


Path 1: MET (442 ps) Setup Check with Pin perf_mon_current_latency_reg[28]/CLK->D
          Group: C2C
     Startpoint: (R) arbiter_inst_weight_accumulator_reg[1][5]/CLK
          Clock: (R) clk
       Endpoint: (F) perf_mon_current_latency_reg[28]/D
          Clock: (R) clk

                     Capture       Launch     
        Clock Edge:+   15000            0     
       Src Latency:+       0            0     
       Net Latency:+       0 (I)        0 (I) 
           Arrival:=   15000            0     
                                              
             Setup:-     213                  
       Uncertainty:-    2000                  
     Required Time:=   12787                  
      Launch Clock:-       0                  
         Data Path:-   12345                  
             Slack:=     442                  

#------------------------------------------------------------------------------------------------------------------------
#                 Timing Point                  Flags    Arc   Edge   Cell     Fanout  Load Trans Delay Arrival Instance 
#                                                                                      (fF)  (ps)  (ps)   (ps)  Location 
#------------------------------------------------------------------------------------------------------------------------
  arbiter_inst_weight_accumulator_reg[1][5]/CLK -       -      R     (arrival)  11974     -     0     0       0    (-,-) 
  arbiter_inst_weight_accumulator_reg[1][5]/Q   -       CLK->Q R     DFFQSRX1       6  30.5   459   377     377    (-,-) 
  g3268023/Z                                    -       A->Z   F     INVX2          5  24.8   228   188     566    (-,-) 
  g3267651/Z                                    -       B->Z   F     OR2X1          1   7.2    89   147     713    (-,-) 
  g3267369/Z                                    -       C->Z   R     NAND3X1        2  12.4   266   196     909    (-,-) 
  g3267311/Z                                    -       B->Z   F     NOR2X1         1   7.3   130   114    1023    (-,-) 
  g3267146/Z                                    -       B->Z   R     NOR2X1         1   7.2   144   116    1139    (-,-) 
  g3267046/Z                                    -       B->Z   F     NAND3X1        1   6.9   108    84    1223    (-,-) 
  g3266976/Z                                    -       A->Z   F     AND2X1         2  19.6   197   195    1419    (-,-) 
  g3266956/Z                                    -       A->Z   R     INVX8         12  56.0   135   123    1542    (-,-) 
  g3266953/Z                                    -       B->Z   F     NOR2X1         6  28.1   325   215    1756    (-,-) 
  g3266878/Z                                    -       A->Z   R     NAND2X1        1   6.8   170   168    1924    (-,-) 
  g3266842/Z                                    -       A->Z   F     NAND2X1        3  16.1   171   140    2064    (-,-) 
  g3266799/Z                                    -       B->Z   F     OR2X1          1   7.3    89   139    2203    (-,-) 
  g3266793/Z                                    -       A->Z   R     NAND3X1        2  12.4   267   160    2363    (-,-) 
  g3266751/Z                                    -       B->Z   F     NOR2X1         2  11.9   166   147    2510    (-,-) 
  g3266616/Z                                    -       B->Z   R     NAND3X1        1   7.3   195   162    2672    (-,-) 
  g3266550/Z                                    -       A->Z   F     NAND3X1        1   7.2   111    88    2761    (-,-) 
  g3266461/Z                                    -       A->Z   R     NOR2X1         1  15.0   248   183    2944    (-,-) 
  g3266417/Z                                    -       A->Z   F     INVX8          9  53.0   128   112    3056    (-,-) 
  g3266247/Z                                    -       S->Z   R     MUX2X1         3  16.0   253   261    3317    (-,-) 
  g3266009/Z                                    -       B->Z   R     OR2X1          2  11.5   185   178    3495    (-,-) 
  g3265896/Z                                    -       A->Z   F     NAND2X1        1   7.3   109    90    3585    (-,-) 
  g3265878/Z                                    -       B->Z   R     NOR2X1         2  11.9   211   148    3733    (-,-) 
  g3265827/Z                                    -       A->Z   F     NAND3X1        1   7.7   118    93    3826    (-,-) 
  g3265812/Z                                    -       A->Z   R     INVX2          1   7.3    82    76    3902    (-,-) 
  g3265770/Z                                    -       B->Z   F     NOR2X1         1   7.2   118    82    3984    (-,-) 
  g3265717/Z                                    -       B->Z   R     NAND3X1        1   6.8   184   142    4126    (-,-) 
  g3265702/Z                                    -       A->Z   F     NAND2X1        1   6.9   105    87    4214    (-,-) 
  g3265687/Z                                    -       A->Z   R     NAND2X1        2  19.2   323   212    4426    (-,-) 
  g3265680/Z                                    -       A->Z   F     INVX8         12  64.7   161   138    4564    (-,-) 
  g3265642/Z                                    -       S->Z   F     MUX2X1         2  11.6   100   198    4761    (-,-) 
  g3265617/Z                                    -       A->Z   R     NAND2X1        2  11.5   244   147    4908    (-,-) 
  g3265609/Z                                    -       A->Z   F     NAND2X1        1  10.1   142   114    5022    (-,-) 
  g3265604/Z                                    -       A->Z   R     INVX4          3  16.1    90    83    5105    (-,-) 
  g3265597/Z                                    -       A->Z   F     NAND3X1        1   7.3   105    73    5178    (-,-) 
  g3265583/Z                                    -       A->Z   R     NAND3X1        2  12.4   266   165    5343    (-,-) 
  g3265559/Z                                    -       B->Z   F     NOR2X1         1   7.3   231   114    5457    (-,-) 
  g3265544/Z                                    -       A->Z   R     NAND3X1        1   6.8   186   156    5613    (-,-) 
  g3265537/Z                                    -       A->Z   R     AND2X1         3  15.6   244   194    5808    (-,-) 
  g3265531/Z                                    -       A->Z   R     AND2X1         5  25.8   391   280    6087    (-,-) 
  g3265497/Z                                    -       A->Z   F     NAND3X1        4  21.6   256   201    6288    (-,-) 
  g3265455/Z                                    -       B->Z   R     NAND3X1        3  16.5   326   268    6556    (-,-) 
  g3265450/Z                                    -       A->Z   F     INVX2          1   6.9   103    80    6636    (-,-) 
  g3265440/Z                                    -       A->Z   R     NAND2X1        1   6.8   154   109    6745    (-,-) 
  g3265429/Z                                    -       A->Z   F     NAND2X1        1  10.1   123   102    6847    (-,-) 
  g3265427/Z                                    -       A->Z   R     INVX4          4  21.3   102    91    6937    (-,-) 
  g3265415/Z                                    -       A->Z   F     NAND3X1        1   6.9   119    72    7010    (-,-) 
  g3265408/Z                                    -       A->Z   R     NAND2X1        1   7.2   148   117    7127    (-,-) 
  g3265327/Z                                    -       A->Z   F     NOR2X1         1  15.0   184   158    7286    (-,-) 
  g3265323/Z                                    -       A->Z   R     INVX8          9  48.2   121   111    7396    (-,-) 
  fopt47/Z                                      -       A->Z   F     INVX8          2  47.2    94    84    7481    (-,-) 
  fopt42/Z                                      -       A->Z   R     INVX16        27 114.6   116    96    7576    (-,-) 
  g3265002/Z                                    -       A->Z   F     NAND2X1        1   6.8   103    75    7651    (-,-) 
  g3264175/Z                                    -       B->Z   F     AND2X1         1   7.2    84   140    7791    (-,-) 
  g3263752__5477/Z                              -       C->Z   R     NAND3X1        2  11.5   253   187    7979    (-,-) 
  perf_mon_sub_142_54_g1297/Z                   -       A->Z   F     NAND2X1        2  11.1   151   122    8100    (-,-) 
  perf_mon_sub_142_54_g1247/Z                   -       A->Z   R     NAND2X1        1   6.8   149   124    8224    (-,-) 
  perf_mon_sub_142_54_g1183/Z                   -       A->Z   F     NAND2X1        3  15.3   162   130    8354    (-,-) 
  perf_mon_sub_142_54_g1145/Z                   -       A->Z   R     NAND3X1        1   7.3   194   141    8495    (-,-) 
  perf_mon_sub_142_54_g1117/Z                   -       A->Z   F     NAND3X1        4  21.7   217   168    8663    (-,-) 
  perf_mon_sub_142_54_g1105/Z                   -       A->Z   F     AND2X1         2  11.5   123   174    8837    (-,-) 
  perf_mon_sub_142_54_g1082/Z                   -       A->Z   R     NAND2X1        1   7.3   153   120    8956    (-,-) 
  perf_mon_sub_142_54_g1069/Z                   -       A->Z   F     NAND3X1        3  18.6   188   144    9100    (-,-) 
  perf_mon_sub_142_54_g1056/Z                   -       A->Z   R     NAND2X1        1   6.8   143   135    9235    (-,-) 
  perf_mon_sub_142_54_g1043/Z                   -       A->Z   R     AND2X1         1  15.0   235   186    9421    (-,-) 
  perf_mon_sub_142_54_g1042/Z                   -       A->Z   F     INVX8         15  74.6   154   137    9558    (-,-) 
  perf_mon_sub_142_54_g1030/Z                   -       A->Z   R     NAND2X1        1   6.8   153   125    9682    (-,-) 
  perf_mon_sub_142_54_g1012/Z                   -       A->Z   F     NAND2X1        1   8.5   111    92    9774    (-,-) 
  perf_mon_sub_142_54_g998/Z                    -       S->Z   R     MUX2X1         1   7.7   133   188    9963    (-,-) 
  perf_mon_sub_142_54_g995/Z                    -       A->Z   F     INVX2          4  20.3   136   115   10078    (-,-) 
  const_perf_mon_mul_142_89_g1570/Z             -       B->Z   R     NOR2X1         3  17.0   276   197   10275    (-,-) 
  const_perf_mon_mul_142_89_g1491/Z             -       B->Z   R     OR2X1          1   6.8   118   141   10416    (-,-) 
  const_perf_mon_mul_142_89_g1469/Z             -       A->Z   F     NAND2X1        2  12.0   139   105   10521    (-,-) 
  const_perf_mon_mul_142_89_g1459/Z             -       A->Z   R     NAND2X1        1   6.8   156   120   10641    (-,-) 
  const_perf_mon_mul_142_89_g1452/Z             -       A->Z   F     NAND2X1        1   6.9   107    82   10723    (-,-) 
  const_perf_mon_mul_142_89_g1444/Z             -       A->Z   R     NAND2X1        1   6.8   151   110   10834    (-,-) 
  const_perf_mon_mul_142_89_g1437/Z             -       A->Z   F     NAND2X1        2  12.0   139   112   10945    (-,-) 
  const_perf_mon_mul_142_89_g1435/Z             -       A->Z   R     NAND2X1        1   7.3   156   125   11070    (-,-) 
  const_perf_mon_mul_142_89_g1431/Z             -       A->Z   F     NAND3X1        1   7.2   104    83   11153    (-,-) 
  const_perf_mon_mul_142_89_g1381/Z             -       A->Z   R     NOR2X1         3  24.9   387   262   11414    (-,-) 
  const_perf_mon_mul_142_89_g1380/Z             -       A->Z   F     INVX4          3  15.4   120    95   11510    (-,-) 
  const_perf_mon_mul_142_89_g1371/Z             -       A->Z   R     NAND2X1        1   6.8   146   114   11624    (-,-) 
  const_perf_mon_mul_142_89_g1362/Z             -       A->Z   F     NAND2X1        2  12.8   143   115   11739    (-,-) 
  const_perf_mon_mul_142_89_g1356/Z             -       A->Z   R     NAND2X1        1   6.8   156   121   11860    (-,-) 
  const_perf_mon_mul_142_89_g1346/Z             -       A->Z   F     NAND2X1        1  12.8   154   117   11978    (-,-) 
  const_perf_mon_mul_142_89_g1343/Z             -       B->Z   F     XOR2X1         1   6.8   100   179   12157    (-,-) 
  g3637968/Z                                    -       A->Z   F     MUX2X1         1   6.4    93   188   12345    (-,-) 
  perf_mon_current_latency_reg[28]/D            -       -      F     DFFQSRX1       1     -     -     0   12345    (-,-) 
#------------------------------------------------------------------------------------------------------------------------

