============================================================
  Generated by:           Genus(TM) Synthesis Solution 21.15-s080_1
  Generated on:           Oct 31 2025  02:09:17 pm
  Module:                 high_speed_daq_controller
  Operating conditions:   PVT_1P8V_25C 
  Interconnect mode:      global
  Area mode:              timing library
============================================================

Timing
--------

Clock  Period 
--------------
clk   15000.0 


  Cost    Critical         Violating 
 Group   Path Slack  TNS     Paths   
-------------------------------------
C2C           442.1   0.0          0 
C2O        No paths   0.0            
clk         12612.2   0.0          0 
default    No paths   0.0            
I2C        No paths   0.0            
I2O        No paths   0.0            
-------------------------------------
Total                 0.0          0 

Instance Count
--------------
Leaf Instance Count             77933 
Physical Instance count             0 
Sequential Instance Count       12011 
Combinational Instance Count    65922 
Hierarchical Instance Count         1 

Area
----
Cell Area                          1726977.756
Physical Cell Area                 0.000
Total Cell Area (Cell+Physical)    1726977.756
Net Area                           710047.114
Total Area (Cell+Physical+Net)     2437024.870

Runtime                            620.0334250000001 seconds
Elapsed Runtime                    1174 seconds
Genus peak memory usage            2432.18 
Innovus peak memory usage          no_value 
Hostname                           lab1-30.eng.utah.edu
