============================================================
  Generated by:           Genus(TM) Synthesis Solution 21.15-s080_1
  Generated on:           Oct 31 2025  02:09:21 pm
  Module:                 high_speed_daq_controller
  Operating conditions:   PVT_1P8V_25C 
  Interconnect mode:      global
  Area mode:              timing library
============================================================

                                   Leakage  
  Gate    Instances     Area     Power (nW)       Library       
----------------------------------------------------------------
AND2X1         6185    91889.308    254.616    sclib_tsmc180_tt 
BUFX1           299     3785.818     12.217    sclib_tsmc180_tt 
DFFQSRX1       1931   190751.898    607.451    sclib_tsmc180_tt 
DFFQX1        10080   503798.400   1475.732    sclib_tsmc180_tt 
INVX1            38      314.306      0.751    sclib_tsmc180_tt 
INVX16           10      280.280      0.559    sclib_tsmc180_tt 
INVX2          3662    30289.134     71.341    sclib_tsmc180_tt 
INVX32            2       99.960      0.206    sclib_tsmc180_tt 
INVX4           279     2920.126      6.325    sclib_tsmc180_tt 
INVX8            41      699.132      1.442    sclib_tsmc180_tt 
MUX2X1        13674   300171.648    909.001    sclib_tsmc180_tt 
NAND2X1       20238   256245.461    362.249    sclib_tsmc180_tt 
NAND3X1        4244    72368.688    101.852    sclib_tsmc180_tt 
NOR2X1        10055   127312.388    335.880    sclib_tsmc180_tt 
OR2X1          2977    44228.694    164.037    sclib_tsmc180_tt 
XOR2X1         4218   101822.516    374.064    sclib_tsmc180_tt 
----------------------------------------------------------------
total         77933  1726977.756   4677.722                     


                                              Leakage  Leakage 
     Type      Instances     Area    Area % Power (nW) Power % 
---------------------------------------------------------------
sequential         12011  694550.298   40.2   2083.183    44.5 
inverter            4032   34602.938    2.0     80.623     1.7 
buffer               299    3785.818    0.2     12.217     0.3 
logic              61591  994038.702   57.6   2501.698    53.5 
physical_cells         0       0.000    0.0      0.000     0.0 
---------------------------------------------------------------
total              77933 1726977.756  100.0   4677.722   100.0 

