============================================================
  Generated by:           Genus(TM) Synthesis Solution 21.15-s080_1
  Generated on:           Oct 31 2025  12:16:09 am
  Module:                 high_speed_daq_controller
  Operating conditions:   PVT_1P8V_25C 
  Interconnect mode:      global
  Area mode:              timing library
============================================================


Path 1: VIOLATED (-925 ps) Setup Check with Pin perf_mon_current_latency_reg[31]/CLK->D
          Group: C2C
     Startpoint: (R) config_registers_reg[8][3]/CLK
          Clock: (R) clk
       Endpoint: (F) perf_mon_current_latency_reg[31]/D
          Clock: (R) clk

                     Capture       Launch     
        Clock Edge:+   10000            0     
       Src Latency:+       0            0     
       Net Latency:+       0 (I)        0 (I) 
           Arrival:=   10000            0     
                                              
             Setup:-     207                  
     Required Time:=    9793                  
      Launch Clock:-       0                  
         Data Path:-   10718                  
             Slack:=    -925                  

#------------------------------------------------------------------------------------------------------------
#           Timing Point             Flags    Arc   Edge   Cell     Fanout Load Trans Delay Arrival Instance 
#                                                                          (fF)  (ps)  (ps)   (ps)  Location 
#------------------------------------------------------------------------------------------------------------
  config_registers_reg[8][3]/CLK     -       -      R     (arrival)  11974    -     0     0       0    (-,-) 
  config_registers_reg[8][3]/Q       -       CLK->Q R     DFFQSRX1       1 10.1   165   209     209    (-,-) 
  fopt6/Z                            -       A->Z   F     INVX4          2 14.4    80    71     281    (-,-) 
  g3374919/Z                         -       A->Z   R     NAND2X1        2 11.4   212   140     420    (-,-) 
  g3374781/Z                         -       B->Z   F     NAND3X1        4 20.2   206   164     584    (-,-) 
  g3374486/Z                         -       C->Z   R     NAND3X1        1  6.8   191   188     772    (-,-) 
  g3374321/Z                         -       A->Z   R     AND2X1         1  6.8   117   122     894    (-,-) 
  g3374304/Z                         -       A->Z   R     AND2X1         2 10.6   171   148    1042    (-,-) 
  g3374231/Z                         -       A->Z   R     AND2X1         2 11.5   184   160    1202    (-,-) 
  g3374182/Z                         -       A->Z   F     NAND3X1        1  6.9   121    86    1287    (-,-) 
  g3374129/Z                         -       A->Z   R     NAND2X1        1  6.8   156   115    1402    (-,-) 
  g3374063/Z                         -       A->Z   F     NAND2X1        1  7.3   184    85    1487    (-,-) 
  g3374004/Z                         -       A->Z   R     NAND3X1        1  6.8   186   143    1630    (-,-) 
  g3373973/Z                         -       B->Z   F     NAND2X1        1 10.1   130   103    1733    (-,-) 
  g3373957/Z                         -       A->Z   R     INVX4          2 19.2    97    88    1821    (-,-) 
  g3373956/Z                         -       A->Z   F     INVX8          5 31.9    68    64    1885    (-,-) 
  g3373892/Z                         -       S->Z   R     MUX2X1         1 15.0   238   238    2123    (-,-) 
  fopt3842875/Z                      -       A->Z   F     INVX8          4 21.2    80    68    2190    (-,-) 
  g3373803/Z                         -       A->Z   R     NAND2X1        1  6.8   175   102    2292    (-,-) 
  g3373787/Z                         -       A->Z   R     AND2X1         1  7.2   123   124    2417    (-,-) 
  g3373702/Z                         -       B->Z   F     NAND3X1        2 11.1   131   104    2520    (-,-) 
  g3842955/Z                         -       A->Z   R     NAND2X1        3 20.2   337   229    2749    (-,-) 
  g3373418/Z                         -       S->Z   F     MUX2X1         3 15.7   122   210    2959    (-,-) 
  g3373116/Z                         -       A->Z   R     NAND2X1        1  7.3   153   119    3078    (-,-) 
  g3373098/Z                         -       A->Z   F     NAND3X1        1  7.2   103    82    3161    (-,-) 
  g3372962/Z                         -       C->Z   R     NAND3X1        1  6.8   185   154    3315    (-,-) 
  g3372907/Z                         -       B->Z   F     NAND2X1        1  6.9    97    84    3399    (-,-) 
  g3372886/Z                         -       A->Z   R     NAND2X1        1 10.1   193   134    3533    (-,-) 
  g3372877/Z                         -       A->Z   F     INVX4          4 24.0   111    99    3632    (-,-) 
  g3372847/Z                         -       S->Z   R     MUX2X1         1 10.1   167   208    3840    (-,-) 
  fopt3842881/Z                      -       A->Z   F     INVX4          3 16.6    87    78    3918    (-,-) 
  g3372808/Z                         -       B->Z   F     OR2X1          1  7.3    89   122    4040    (-,-) 
  g3372788/Z                         -       A->Z   R     NAND3X1        1  7.3   193   117    4157    (-,-) 
  g3372781/Z                         -       A->Z   F     NAND3X1        1  7.3   112    89    4246    (-,-) 
  g3372758/Z                         -       B->Z   R     NOR2X1         1  7.3   142   112    4358    (-,-) 
  g3372740/Z                         -       B->Z   F     NOR2X1         1 10.1   155   113    4471    (-,-) 
  g3372732/Z                         -       A->Z   R     INVX4          4 25.6   122   109    4580    (-,-) 
  g3372725/Z                         -       A->Z   R     BUFX1          1  8.5   140   124    4704    (-,-) 
  g3372697/Z                         -       S->Z   F     MUX2X1         2 12.4   104   198    4902    (-,-) 
  g3372674/Z                         -       B->Z   R     NOR2X1         1  7.3   142   109    5011    (-,-) 
  g3372653/Z                         -       B->Z   F     NOR2X1         1  6.9   116    93    5104    (-,-) 
  g3372637/Z                         -       A->Z   R     NAND2X1        1  6.8   150   113    5216    (-,-) 
  g3372632/Z                         -       A->Z   F     NAND2X1        1  7.2   100    83    5300    (-,-) 
  g3372623/Z                         -       A->Z   R     NOR2X1         2 12.3   211   159    5459    (-,-) 
  fopt3842815/Z                      -       A->Z   R     BUFX1          2 13.6   214   171    5630    (-,-) 
  g3372603/Z                         -       S->Z   F     MUX2X1         2 11.1    97   193    5823    (-,-) 
  g3372582/Z                         -       A->Z   R     NAND2X1        1  7.3   162   111    5934    (-,-) 
  g3372558/Z                         -       A->Z   F     NAND3X1        3 15.5   165   130    6064    (-,-) 
  g3372530/Z                         -       B->Z   R     NAND2X1        1  6.8   151   142    6206    (-,-) 
  g3372522/Z                         -       A->Z   F     NAND2X1        1  6.9    98    82    6288    (-,-) 
  g3372514/Z                         -       A->Z   R     NAND2X1        3 15.7   292   181    6469    (-,-) 
  g3372492/Z                         -       A->Z   F     NAND3X1        1  6.8   135    92    6561    (-,-) 
  g3372373/Z                         -       B->Z   F     AND2X1         1 15.0   155   194    6755    (-,-) 
  g3372368/Z                         -       A->Z   R     INVX8          3 33.2    93    85    6841    (-,-) 
  g3372110/Z                         -       A->Z   F     NAND2X1        1  7.2   106    74    6914    (-,-) 
  g3371212/Z                         -       B->Z   R     NAND3X1        1 10.1   233   166    7080    (-,-) 
  g3371084/Z                         -       A->Z   F     INVX4          1  7.3    69    56    7137    (-,-) 
  g3370884__3680/Z                   -       A->Z   R     NAND3X1        1  7.3   192   111    7248    (-,-) 
  g3370835__5115/Z                   -       B->Z   R     OR2X1          2 11.5   184   174    7422    (-,-) 
  perf_mon_sub_142_54_g2835/Z        -       A->Z   F     NAND2X1        2 10.7   134   111    7533    (-,-) 
  perf_mon_sub_142_54_g2749/Z        -       A->Z   R     NAND2X1        1  6.8   150   118    7652    (-,-) 
  perf_mon_sub_142_54_g2689/Z        -       A->Z   F     NAND2X1        2 11.1   130   106    7758    (-,-) 
  perf_mon_sub_142_54_g2639/Z        -       A->Z   R     NAND3X1        1  7.3   193   131    7889    (-,-) 
  perf_mon_sub_142_54_g2611/Z        -       A->Z   F     NAND3X1        2 12.0   145   116    8005    (-,-) 
  perf_mon_sub_142_54_g2594/Z        -       A->Z   F     AND2X1         2 11.8   125   160    8165    (-,-) 
  perf_mon_sub_142_54_g2572/Z        -       A->Z   R     NOR2X1         1 10.1   183   146    8310    (-,-) 
  perf_mon_sub_142_54_g2566/Z        -       A->Z   F     INVX4          6 31.3   127   114    8424    (-,-) 
  perf_mon_sub_142_54_g2555/Z        -       A->Z   R     NAND2X1        1  7.3   150   121    8545    (-,-) 
  perf_mon_sub_142_54_g2546/Z        -       A->Z   F     NAND3X1        1  8.5   112    90    8635    (-,-) 
  perf_mon_sub_142_54_g2511/Z        -       S->Z   R     MUX2X1         1 10.1   167   209    8843    (-,-) 
  perf_mon_sub_142_54_g2504/Z        -       A->Z   F     INVX4          4 20.2    96    86    8929    (-,-) 
  const_perf_mon_mul_142_89_g3188/Z  -       A->Z   F     OR2X1          2 10.7   118   156    9085    (-,-) 
  const_perf_mon_mul_142_89_g3024/Z  -       A->Z   R     NAND2X1        1  6.8   147   113    9198    (-,-) 
  const_perf_mon_mul_142_89_g3008/Z  -       A->Z   F     NAND2X1        2 10.7   129   104    9302    (-,-) 
  const_perf_mon_mul_142_89_g2978/Z  -       A->Z   R     NAND2X1        1  6.8   155   117    9419    (-,-) 
  const_perf_mon_mul_142_89_g2959/Z  -       A->Z   F     NAND2X1        1  6.9   107    82    9501    (-,-) 
  const_perf_mon_mul_142_89_g2953/Z  -       A->Z   R     NAND2X1        1  6.8   151   110    9611    (-,-) 
  const_perf_mon_mul_142_89_g2935/Z  -       A->Z   R     AND2X1         1  6.8   117   119    9730    (-,-) 
  const_perf_mon_mul_142_89_g2908/Z  -       A->Z   R     AND2X1         1 10.1   164   144    9874    (-,-) 
  fopt7/Z                            -       A->Z   F     INVX4          4 24.3   105    94    9969    (-,-) 
  const_perf_mon_mul_142_89_g2891/Z  -       B->Z   R     NAND3X1        1  7.7   197   146   10114    (-,-) 
  const_perf_mon_mul_142_89_g2888/Z  -       A->Z   F     INVX2          1  7.3    86    73   10187    (-,-) 
  const_perf_mon_mul_142_89_g2873/Z  -       B->Z   R     NOR2X1         1  6.8   132   100   10287    (-,-) 
  const_perf_mon_mul_142_89_g2866/Z  -       A->Z   F     NAND2X1        1  8.5   109    88   10376    (-,-) 
  const_perf_mon_mul_142_89_g2857/Z  -       S->Z   F     MUX2X1         1  6.8    74   160   10536    (-,-) 
  g3798548/Z                         -       A->Z   F     MUX2X1         1  6.4    71   182   10718    (-,-) 
  perf_mon_current_latency_reg[31]/D -       -      F     DFFQSRX1       1    -     -     0   10718    (-,-) 
#------------------------------------------------------------------------------------------------------------

