============================================================
  Generated by:           Genus(TM) Synthesis Solution 21.15-s080_1
  Generated on:           Oct 31 2025  12:21:53 am
  Module:                 high_speed_daq_controller
  Operating conditions:   PVT_1P8V_25C 
  Interconnect mode:      global
  Area mode:              timing library
============================================================


Path 1: MET (1 ps) Setup Check with Pin perf_mon_current_latency_reg[28]/CLK->D
          Group: C2C
     Startpoint: (R) config_registers_reg[8][3]/CLK
          Clock: (R) clk
       Endpoint: (F) perf_mon_current_latency_reg[28]/D
          Clock: (R) clk

                     Capture       Launch     
        Clock Edge:+   10000            0     
       Src Latency:+       0            0     
       Net Latency:+       0 (I)        0 (I) 
           Arrival:=   10000            0     
                                              
             Setup:-     207                  
     Required Time:=    9793                  
      Launch Clock:-       0                  
         Data Path:-    9792                  
             Slack:=       1                  

#--------------------------------------------------------------------------------------------------------------
#            Timing Point              Flags    Arc   Edge   Cell     Fanout Load Trans Delay Arrival Instance 
#                                                                            (fF)  (ps)  (ps)   (ps)  Location 
#--------------------------------------------------------------------------------------------------------------
  config_registers_reg[8][3]/CLK       -       -      R     (arrival)  11974    -     0     0       0    (-,-) 
  config_registers_reg[8][3]/Q         -       CLK->Q R     DFFQSRX1       1 10.1   165   209     209    (-,-) 
  fopt3847004/Z                        -       A->Z   F     INVX4          2 14.4    80    71     281    (-,-) 
  g3847813/Z                           -       A->Z   R     NAND2X1        3 15.1   264   170     451    (-,-) 
  g83/Z                                -       B->Z   F     NAND2X1        2 11.1   141   115     566    (-,-) 
  g80/Z                                -       A->Z   R     NAND2X1        1  6.8   143   121     687    (-,-) 
  g3850144/Z                           -       B->Z   F     NAND2X1        1  6.9    96    79     766    (-,-) 
  g3847011/Z                           -       A->Z   R     NAND2X1        1 15.0   262   174     941    (-,-) 
  g3847007/Z                           -       A->Z   F     INVX8          8 43.2   118   102    1042    (-,-) 
  g3847702/Z                           -       B->Z   F     OR2X1          1  7.3    89   128    1171    (-,-) 
  g3847790/Z                           -       A->Z   R     NAND3X1        1  6.8   184   113    1284    (-,-) 
  g30/Z                                -       A->Z   R     AND2X1         1  7.3   124   126    1410    (-,-) 
  g919/Z                               -       A->Z   F     NAND3X1        2 11.0   127    98    1508    (-,-) 
  g3847823/Z                           -       B->Z   R     NAND2X1        1 10.1   193   157    1665    (-,-) 
  g3847822/Z                           -       A->Z   F     INVX4          3 20.2   102    90    1755    (-,-) 
  g127/Z                               -       S->Z   R     MUX2X1         1 10.1   168   206    1961    (-,-) 
  g126/Z                               -       A->Z   F     INVX4          4 19.8    95    85    2046    (-,-) 
  g3847819/Z                           -       A->Z   R     NAND2X1        1  6.8   175   106    2153    (-,-) 
  g121/Z                               -       A->Z   R     AND2X1         1  7.2   123   124    2277    (-,-) 
  g808/Z                               -       B->Z   F     NAND3X1        1  6.9   100    82    2359    (-,-) 
  g807/Z                               -       A->Z   R     NAND2X1        1 10.1   192   136    2494    (-,-) 
  g806/Z                               -       A->Z   F     INVX4          4 25.3   114   102    2596    (-,-) 
  g3847117/Z                           -       S->Z   F     MUX2X1         3 15.3   119   199    2795    (-,-) 
  g898/Z                               -       B->Z   R     NOR2X1         1  7.3   143   114    2909    (-,-) 
  g3849812/Z                           -       B->Z   F     NOR2X1         1  7.3   117    96    3004    (-,-) 
  g3849939/Z                           -       A->Z   R     NAND3X1        1  6.8   185   122    3127    (-,-) 
  g321/Z                               -       B->Z   F     NAND2X1        1  6.9    97    84    3211    (-,-) 
  g320/Z                               -       A->Z   R     NAND2X1        1 15.0   262   175    3385    (-,-) 
  g3849938/Z                           -       A->Z   F     INVX8          5 29.1    97    82    3467    (-,-) 
  g3849937/Z                           -       A->Z   R     INVX4          4 24.3   106    90    3557    (-,-) 
  g3849936/Z                           -       A->Z   F     NAND2X1        3 16.0   197   124    3681    (-,-) 
  g3849685/Z                           -       B->Z   R     NAND2X1        3 15.1   267   221    3902    (-,-) 
  g31_0/Z                              -       A->Z   F     NAND2X1        1  6.9   120    94    3996    (-,-) 
  g3850069/Z                           -       A->Z   F     AND2X1         1  7.3    88   128    4124    (-,-) 
  g3850068/Z                           -       A->Z   R     NAND3X1        2 16.0   319   189    4313    (-,-) 
  g3849704/Z                           -       S->Z   F     MUX2X1         2 12.4   105   196    4510    (-,-) 
  g508/Z                               -       B->Z   R     NOR2X1         1  7.3   142   110    4619    (-,-) 
  g3850190/Z                           -       B->Z   F     NOR2X1         2 11.8   154   123    4742    (-,-) 
  g3849836/Z                           -       B->Z   R     NAND3X1        2 10.6   240   186    4928    (-,-) 
  g3849835/Z                           -       A->Z   F     NAND2X1        1 10.1   141   114    5042    (-,-) 
  g333/Z                               -       A->Z   R     INVX4          3 18.8    98    90    5131    (-,-) 
  g332/Z                               -       A->Z   F     INVX4          1  7.2    47    44    5176    (-,-) 
  g331/Z                               -       A->Z   R     NOR2X1         1  8.5   155   118    5293    (-,-) 
  g3850297/Z                           -       S->Z   F     MUX2X1         1  6.9    74   174    5467    (-,-) 
  g3849705/Z                           -       A->Z   R     NAND2X1        2 12.0   226   143    5610    (-,-) 
  g234/Z                               -       A->Z   F     NAND3X1        2 11.8   150   119    5728    (-,-) 
  g3849638/Z                           -       B->Z   R     NAND3X1        2 10.6   329   184    5913    (-,-) 
  g3847214/Z                           -       A->Z   R     BUFX1          2 11.1   179   154    6067    (-,-) 
  g3847215/Z                           -       A->Z   F     NAND3X1        1  6.8   110    84    6151    (-,-) 
  g3846459/Z                           -       B->Z   F     AND2X1         1 10.1   110   159    6310    (-,-) 
  g3845873/Z                           -       A->Z   R     INVX4          3 18.4    90    81    6391    (-,-) 
  fopt58/Z                             -       A->Z   F     INVX4          3 34.1   115    97    6488    (-,-) 
  g3845807/Z                           -       A->Z   R     INVX16        14 64.0    81    74    6562    (-,-) 
  g107/Z                               -       A->Z   F     NAND2X1        2 11.4   140    94    6655    (-,-) 
  g65/Z                                -       B->Z   R     NAND2X1        1  7.3   155   138    6794    (-,-) 
  g62/Z                                -       B->Z   F     NOR2X1         1  7.2   118    98    6891    (-,-) 
  g14/Z                                -       C->Z   R     NAND3X1        2 11.0   246   194    7086    (-,-) 
  g3846188/Z                           -       A->Z   F     NAND2X1        1  6.9   124    92    7178    (-,-) 
  g3846187/Z                           -       A->Z   F     AND2X1         2 11.1   119   151    7328    (-,-) 
  perf_mon_sub_142_54_g2680/Z          -       A->Z   F     AND2X1         2 11.0   118   149    7477    (-,-) 
  g3847668/Z                           -       B->Z   F     AND2X1         1  7.3    85   145    7622    (-,-) 
  g3850234/Z                           -       B->Z   R     NOR2X1         1 10.1   179   127    7749    (-,-) 
  g3850233/Z                           -       A->Z   F     INVX4          6 31.3   126   113    7862    (-,-) 
  g54/Z                                -       A->Z   R     NAND2X1        2 11.0   204   151    8013    (-,-) 
  g3847610/Z                           -       A->Z   R     AND2X1         1  8.5   141   137    8150    (-,-) 
  g3847609/Z                           -       A->Z   F     XOR2X1         2 10.7   155   118    8267    (-,-) 
  g3849714/Z                           -       A->Z   R     NAND2X1        4 19.3   324   229    8496    (-,-) 
  g45_0/Z                              -       B->Z   F     NAND2X1        1  6.9   116    91    8588    (-,-) 
  g3849712/Z                           -       A->Z   R     NAND2X1        2 10.6   202   145    8732    (-,-) 
  g3849711/Z                           -       A->Z   F     NAND2X1        2 11.2   150   116    8849    (-,-) 
  g3847514/Z                           -       A->Z   R     NAND2X1        1  6.8   151   124    8972    (-,-) 
  g3847513/Z                           -       A->Z   F     NAND2X1        2 11.0   131   106    9078    (-,-) 
  g3850001/Z                           -       B->Z   R     NAND3X1        1 10.1   242   174    9252    (-,-) 
  fopt141/Z                            -       A->Z   F     INVX4          1 15.0    95    81    9333    (-,-) 
  fopt3846909/Z                        -       A->Z   R     INVX8          5 24.7    67    62    9395    (-,-) 
  g3846910/Z                           -       B->Z   F     NAND3X1        1  7.2    98    76    9471    (-,-) 
  const_perf_mon_mul_142_89_g3844089/Z -       B->Z   R     NAND3X1        1  8.5   210   150    9621    (-,-) 
  const_perf_mon_mul_142_89_g3844085/Z -       S->Z   F     MUX2X1         1  6.4    71   171    9792    (-,-) 
  perf_mon_current_latency_reg[28]/D   -       -      F     DFFQSRX1       1    -     -     0    9792    (-,-) 
#--------------------------------------------------------------------------------------------------------------

