============================================================
  Generated by:           Genus(TM) Synthesis Solution 21.15-s080_1
  Generated on:           Oct 31 2025  12:21:52 am
  Module:                 high_speed_daq_controller
  Operating conditions:   PVT_1P8V_25C 
  Interconnect mode:      global
  Area mode:              timing library
============================================================

                                   Leakage  
  Gate    Instances     Area     Power (nW)       Library       
----------------------------------------------------------------
AND2X1         6090    90477.912    246.530    sclib_tsmc180_tt 
BUFX1           202     2557.643      8.254    sclib_tsmc180_tt 
DFFQSRX1       1931   190751.898    607.433    sclib_tsmc180_tt 
DFFQX1        10080   503798.400   1475.732    sclib_tsmc180_tt 
INVX1            35      289.492      0.696    sclib_tsmc180_tt 
INVX16           22      616.616      1.328    sclib_tsmc180_tt 
INVX2          3309    27369.401     65.850    sclib_tsmc180_tt 
INVX32            8      399.840      0.936    sclib_tsmc180_tt 
INVX4           355     3715.572      7.979    sclib_tsmc180_tt 
INVX8            67     1142.484      2.378    sclib_tsmc180_tt 
MUX2X1        13444   295122.688    840.883    sclib_tsmc180_tt 
NAND2X1       20958   265361.813    373.512    sclib_tsmc180_tt 
NAND3X1        4414    75267.528    105.971    sclib_tsmc180_tt 
NOR2X1         9724   123121.398    329.726    sclib_tsmc180_tt 
OR2X1          3002    44600.114    164.749    sclib_tsmc180_tt 
XOR2X1         4161   100446.536    369.350    sclib_tsmc180_tt 
----------------------------------------------------------------
total         77802  1725039.335   4601.309                     


                                              Leakage  Leakage 
     Type      Instances     Area    Area % Power (nW) Power % 
---------------------------------------------------------------
sequential         12011  694550.298   40.3   2083.166    45.3 
inverter            3796   33533.405    1.9     79.167     1.7 
buffer               202    2557.643    0.1      8.254     0.2 
logic              61793  994397.989   57.6   2430.722    52.8 
physical_cells         0       0.000    0.0      0.000     0.0 
---------------------------------------------------------------
total              77802 1725039.335  100.0   4601.309   100.0 

