Command: report datapath > reports_Oct30-23:21:11/generic/high_speed_daq_controller_datapath.rpt
============================================================
  Generated by:           Genus(TM) Synthesis Solution 21.15-s080_1
  Generated on:           Oct 30 2025  11:35:04 pm
  Module:                 high_speed_daq_controller
  Operating conditions:   PVT_1P8V_25C 
  Interconnect mode:      global
  Area mode:              timing library
============================================================


Inferred components

                Operator   Signedness   Inputs   Outputs  CellArea 
===================================================================
high_speed_daq_controller
 WALLACE_CSA_DUMMY_OP13_groupi
  
  module:WALLACE_CSA_DUMMY_OP13_group_6
   very_fast csa_and_adder            32x32x32x3 32       46623.63 
                                      2x32x32x32                   
                                      x32                          
  equation:
  assign out_0 = (((((((in_6 + in_7) + in_5) + in_4) + in_3) + in_2) + in_1) + in_0);
-------------------------------------------------------------------
===================================================================
high_speed_daq_controller
 WALLACE_CSA_DUMMY_OP_groupi
  
  module:WALLACE_CSA_DUMMY_OP_group_8000
   very_fast csa_and_adder            32x32x32x3 32       44710.30 
                                      2x32x32x32                   
                                      x32                          
  equation:
  assign out_0 = (((((((in_6 + in_7) + in_5) + in_4) + in_3) + in_2) + in_1) + in_0);
-------------------------------------------------------------------
===================================================================
high_speed_daq_controller
 const_perf_mon_mul_116_46
  
  module:mult_unsigned_const_6947_6949
   very_fast    *(const)   unsigned   32         32       13943.10 
===================================================================
high_speed_daq_controller
 const_perf_mon_mul_142_89
  
  module:mult_const_trivial_4228
   very_fast    *(const)   signed     32         32        7213.47 
===================================================================
high_speed_daq_controller
 const_perf_mon_mul_234_42
  
  module:mult_unsigned_const_1384
   very_fast    *(const)   unsigned   32         52       25269.13 
===================================================================
high_speed_daq_controller
 inc_add_372_47
  
  module:increment_unsigned_1556_12588
   very_fast   increment   unsigned   32x1       32        3518.76 
===================================================================
high_speed_daq_controller
 inc_perf_mon_add_103_68
  
  module:increment_unsigned_1556_12588_2090
   very_fast   increment   unsigned   32x1       32        3518.76 
===================================================================
high_speed_daq_controller
 inc_perf_mon_add_105_52
  
  module:increment_unsigned_1556_2999
   very_fast   increment   unsigned   32x1       32        3298.84 
===================================================================
high_speed_daq_controller
 inc_perf_mon_add_144_76
  
  module:increment_unsigned_1556_12588_2089
   very_fast   increment   unsigned   32x1       32        3672.71 
===================================================================
high_speed_daq_controller
 inc_perf_mon_add_220_56
  
  module:increment_unsigned_1556_2987
   very_fast   increment   unsigned   32x1       32        3298.84 
===================================================================
high_speed_daq_controller
 inc_perf_mon_add_224_54
  
  module:increment_unsigned_1556_2987
   very_fast   increment   unsigned   32x1       32        3298.84 
===================================================================
high_speed_daq_controller
 inc_perf_mon_add_264_56_I1
  
  module:increment_unsigned_1556_12588_2090
   very_fast   increment   unsigned   32x1       32        3518.76 
===================================================================
high_speed_daq_controller
 inc_perf_mon_add_96_54
  
  module:increment_unsigned_1556_12588_2091
   very_fast   increment   unsigned   32x1       32        2353.17 
===================================================================
high_speed_daq_controller
 perf_mon_add_143_72
  
  module:add_unsigned_758_14
   very_fast       +       unsigned   32x32      32        8269.10 
===================================================================
high_speed_daq_controller
 perf_mon_add_195_44
  
  module:add_unsigned_891
   very_fast       +       unsigned   32x8       32        3980.60 
===================================================================
high_speed_daq_controller
 perf_mon_div_116_61
  
  module:divide_unsigned_1_2185
   very_fast       /       unsigned   32x32      32      165953.73 
===================================================================
high_speed_daq_controller
 perf_mon_div_172_44
  
  module:divide_unsigned_1
   very_fast       /       unsigned   32x32      32      168405.87 
===================================================================
high_speed_daq_controller
 perf_mon_div_206_34
  
  module:divide_unsigned_573
   very_fast       /       unsigned   32x16      32      124597.25 
===================================================================
high_speed_daq_controller
 perf_mon_div_234_57
  
  module:divide_unsigned
   very_fast       /       unsigned   64x32      64      368370.66 
===================================================================
high_speed_daq_controller
 perf_mon_gte_99_30
  
  module:geq_unsigned_750_rtlopto_model_12598
   very_fast       >=      unsigned   32x32      1         3320.83 
===================================================================
high_speed_daq_controller
 perf_mon_sub_142_54
  
  module:sub_unsigned_765_8_2211
   very_fast       -       unsigned   32x32      32        8071.17 
===================================================================
high_speed_daq_controller
 perf_mon_sub_263_35_I1
  
  module:sub_unsigned_765_8
   very_fast       -       unsigned   32x32      32        6685.65 
===================================================================
high_speed_daq_controller
 perf_mon_sub_263_35_I2
  
  module:sub_unsigned_765_8
   very_fast       -       unsigned   32x32      32        6685.65 
===================================================================
high_speed_daq_controller
 perf_mon_sub_263_35_I3
  
  module:sub_unsigned_765_8
   very_fast       -       unsigned   32x32      32        6685.65 
===================================================================
high_speed_daq_controller
 perf_mon_sub_263_35_I4
  
  module:sub_unsigned_765_8
   very_fast       -       unsigned   32x32      32        6685.65 
===================================================================
high_speed_daq_controller
 perf_mon_sub_263_35_I5
  
  module:sub_unsigned_765_8
   very_fast       -       unsigned   32x32      32        6685.65 
===================================================================
high_speed_daq_controller
 perf_mon_sub_263_35_I6
  
  module:sub_unsigned_765_8
   very_fast       -       unsigned   32x32      32        6685.65 
===================================================================
high_speed_daq_controller
 perf_mon_sub_263_35_I7
  
  module:sub_unsigned_765_8_2213
   very_fast       -       unsigned   32x32      32        6685.65 
===================================================================
high_speed_daq_controller
 perf_mon_sub_263_35_I8
  
  module:sub_unsigned_765_8_2213
   very_fast       -       unsigned   32x32      32        6685.65 
===================================================================

      Type        CellArea  Percentage 
---------------------------------------
datapath modules 1068692.76      39.63 
external muxes         0.00       0.00 
others           1628242.28      60.37 
---------------------------------------
total            2696935.04     100.00 

