Cadence Genus(TM) Synthesis Solution.
Copyright 2022 Cadence Design Systems, Inc. All rights reserved worldwide.
Cadence and the Cadence logo are registered trademarks and Genus is a trademark
of Cadence Design Systems, Inc. in the United States and other countries.

[22:43:29.041394] Configured Lic search path (21.01-s002): /uusoc/facility/cad_tools/Cadence/common_license:/uusoc/facility/cad_tools/Mentor/common_license

Version: 21.15-s080_1, built Fri Sep 23 11:57:55 PDT 2022
Options: 
Date:    Thu Oct 30 22:43:29 2025
Host:    lab1-30.eng.utah.edu (x86_64 w/Linux 4.18.0-553.78.1.el8_10.x86_64) (8cores*16cpus*1physical cpu*Intel(R) Core(TM) i7-10700 CPU @ 2.90GHz 16384KB) (65789912KB)
PID:     313640
OS:      Red Hat Enterprise Linux release 8.10 (Ootpa)


[22:43:29.289968] Periodic Lic check successful
[22:43:29.289970] Feature usage summary:
[22:43:29.289970] Genus_Synthesis
Checking out license: Genus_Synthesis


***********************************************************************************************************
***********************************************************************************************************



Loading tool scripts...
Finished loading tool scripts (8 seconds elapsed).

WARNING: This version of the tool is 1133 days old.
@genus:root: 1> write_template -outfile synthesis.tcl
@genus:root: 2> exit

Lic Summary:
[22:43:46.224896] Cdslmd servers: chickasaw
[22:43:46.224899] Feature usage summary:
[22:43:46.224899] Genus_Synthesis

Normal exit.