============================================================
  Generated by:           Genus(TM) Synthesis Solution 21.15-s080_1
  Generated on:           Oct 30 2025  11:35:07 pm
  Module:                 high_speed_daq_controller
  Operating conditions:   PVT_1P8V_25C 
  Interconnect mode:      global
  Area mode:              timing library
============================================================

Timing
--------

Clock  Period 
--------------
clk   10000.0 


  Cost    Critical                Violating 
 Group   Path Slack      TNS        Paths   
--------------------------------------------
C2C         -4599.0   -2045590.2       1120 
C2O        No paths          0.0            
clk          9550.6          0.0          0 
default    No paths          0.0            
I2C        No paths          0.0            
I2O        No paths          0.0            
--------------------------------------------
Total                 -2045590.2       1120 

Instance Count
--------------
Leaf Instance Count             92670 
Physical Instance count             0 
Sequential Instance Count       12011 
Combinational Instance Count    80659 
Hierarchical Instance Count        30 

Area
----
Cell Area                          2696935.043
Physical Cell Area                 0.000
Total Cell Area (Cell+Physical)    2696935.043
Net Area                           91.276
Total Area (Cell+Physical+Net)     2697026.319

Runtime                            364.08409 seconds
Elapsed Runtime                    845 seconds
Genus peak memory usage            2438.82 
Innovus peak memory usage          no_value 
Hostname                           lab1-30.eng.utah.edu
