============================================================
  Generated by:           Genus(TM) Synthesis Solution 21.15-s080_1
  Generated on:           Oct 30 2025  11:35:07 pm
  Module:                 high_speed_daq_controller
  Operating conditions:   PVT_1P8V_25C 
  Interconnect mode:      global
  Area mode:              timing library
============================================================

            Instance                                  Module                        Cell Count   Cell Area  Net Area   Total Area 
----------------------------------------------------------------------------------------------------------------------------------
high_speed_daq_controller                                                                92670 2696935.043    91.276  2697026.319 
  WALLACE_CSA_DUMMY_OP13_groupi WALLACE_CSA_DUMMY_OP13_group_6                            2120   46623.629     0.000    46623.629 
  WALLACE_CSA_DUMMY_OP_groupi   WALLACE_CSA_DUMMY_OP_group_8000                           2033   44710.301     0.000    44710.301 
  const_perf_mon_mul_116_46     mult_unsigned_const_6947_6949                              634   13943.104     0.000    13943.104 
  const_perf_mon_mul_142_89     mult_const_trivial_4228                                    328    7213.467     0.000     7213.467 
  const_perf_mon_mul_234_42     mult_unsigned_const_1384                                  1149   25269.127     0.000    25269.127 
  inc_add_372_47                increment_unsigned_1556_12588                              160    3518.764     0.000     3518.764 
  inc_perf_mon_add_96_54        increment_unsigned_1556_12588_2091                         107    2353.174     0.000     2353.174 
  inc_perf_mon_add_103_68       increment_unsigned_1556_12588_2090                         160    3518.764     0.000     3518.764 
  inc_perf_mon_add_105_52       increment_unsigned_1556_2999                               150    3298.842     0.000     3298.842 
  inc_perf_mon_add_144_76       increment_unsigned_1556_12588_2089                         167    3672.710     0.000     3672.710 
  inc_perf_mon_add_220_56       increment_unsigned_1556_2987                               150    3298.842     0.000     3298.842 
  inc_perf_mon_add_224_54       increment_unsigned_1556_2987                               150    3298.842     0.000     3298.842 
  inc_perf_mon_add_264_56_I1    increment_unsigned_1556_12588_2090                         160    3518.764     0.000     3518.764 
  perf_mon_add_143_72           add_unsigned_758_14                                        376    8269.097     0.000     8269.097 
  perf_mon_add_195_44           add_unsigned_891                                           181    3980.602     0.000     3980.602 
  perf_mon_div_116_61           divide_unsigned_1_2185                                    7558  165953.730     0.000   165953.730 
  perf_mon_div_172_44           divide_unsigned_1                                         7671  168405.869     0.000   168405.869 
  perf_mon_div_206_34           divide_unsigned_573                                       5674  124597.251     0.000   124597.251 
  perf_mon_div_234_57           divide_unsigned                                          16765  368370.656     0.000   368370.656 
  perf_mon_gte_99_30            geq_unsigned_750_rtlopto_model_12598                       151    3320.834     0.000     3320.834 
  perf_mon_sub_142_54           sub_unsigned_765_8_2211                                    367    8071.166     0.000     8071.166 
  perf_mon_sub_263_35_I1        sub_unsigned_765_8                                         304    6685.653     0.000     6685.653 
  perf_mon_sub_263_35_I2        sub_unsigned_765_8                                         304    6685.653     0.000     6685.653 
  perf_mon_sub_263_35_I3        sub_unsigned_765_8                                         304    6685.653     0.000     6685.653 
  perf_mon_sub_263_35_I4        sub_unsigned_765_8                                         304    6685.653     0.000     6685.653 
  perf_mon_sub_263_35_I5        sub_unsigned_765_8                                         304    6685.653     0.000     6685.653 
  perf_mon_sub_263_35_I6        sub_unsigned_765_8                                         304    6685.653     0.000     6685.653 
  perf_mon_sub_263_35_I7        sub_unsigned_765_8_2213                                    304    6685.653     0.000     6685.653 
  perf_mon_sub_263_35_I8        sub_unsigned_765_8_2213                                    304    6685.653     0.000     6685.653 
  trigger_inst                  derivative_threshold_engine_NUM_CHANNELS8_ADC_WIDT         984   30822.178     0.000    30822.178 
