============================================================
  Generated by:           Genus(TM) Synthesis Solution 21.15-s080_1
  Generated on:           Oct 30 2025  11:47:26 pm
  Module:                 high_speed_daq_controller
  Operating conditions:   PVT_1P8V_25C 
  Interconnect mode:      global
  Area mode:              timing library
============================================================


Path 1: MET (8981 ps) Clock Gating Setup Check at pin g3375022/A
          Group: clk
     Startpoint: (R) serial_active_reg/CLK
          Clock: (R) clk
       Endpoint: (R) g3375022/A
          Clock: (R) clk

                     Capture       Launch     
        Clock Edge:+   10000            0     
       Src Latency:+       0            0     
       Net Latency:+       0 (I)        0 (I) 
           Arrival:=   10000            0     
                                              
  Gate Check Setup:-       0                  
     Required Time:=   10000                  
      Launch Clock:-       0                  
         Data Path:-    1019                  
             Slack:=    8981                  

Exceptions/Constraints:
  output_delay              0              clk_gating_check_4 

#------------------------------------------------------------------------------------------------
#     Timing Point      Flags    Arc   Edge   Cell     Fanout  Load Trans Delay Arrival Instance 
#                                                              (fF)  (ps)  (ps)   (ps)  Location 
#------------------------------------------------------------------------------------------------
  serial_active_reg/CLK -       -      R     (arrival)  11974     -     0     0       0    (-,-) 
  serial_active_reg/Q   -       CLK->Q R     DFFQSRX1      25 108.9  1594  1019    1019    (-,-) 
  g3375022/A            (b)     -      R     AND2X1         -     -     -     0    1019    (-,-) 
#------------------------------------------------------------------------------------------------

(b) : Timing paths are broken.

