============================================================
  Generated by:           Genus(TM) Synthesis Solution 21.15-s080_1
  Generated on:           Oct 30 2025  11:41:32 pm
  Module:                 high_speed_daq_controller
  Operating conditions:   PVT_1P8V_25C 
  Interconnect mode:      global
  Area mode:              timing library
============================================================

Timing
--------

Clock  Period 
--------------
clk   10000.0 


  Cost    Critical              Violating 
 Group   Path Slack     TNS       Paths   
------------------------------------------
C2C          -925.2   -15635.2         23 
C2O        No paths        0.0            
clk          9578.6        0.0          0 
default    No paths        0.0            
I2C        No paths        0.0            
I2O        No paths        0.0            
------------------------------------------
Total                 -15635.2         23 

Instance Count
--------------
Leaf Instance Count             78447 
Physical Instance count             0 
Sequential Instance Count       12011 
Combinational Instance Count    66436 
Hierarchical Instance Count         1 

Area
----
Cell Area                          1731911.296
Physical Cell Area                 0.000
Total Cell Area (Cell+Physical)    1731911.296
Net Area                           713320.098
Total Area (Cell+Physical+Net)     2445231.394

Runtime                            653.481617 seconds
Elapsed Runtime                    1230 seconds
Genus peak memory usage            2449.82 
Innovus peak memory usage          no_value 
Hostname                           lab1-30.eng.utah.edu
