============================================================
  Generated by:           Genus(TM) Synthesis Solution 21.15-s080_1
  Generated on:           Oct 30 2025  11:41:36 pm
  Module:                 high_speed_daq_controller
  Operating conditions:   PVT_1P8V_25C 
  Interconnect mode:      global
  Area mode:              timing library
============================================================

                                   Leakage  
  Gate    Instances     Area     Power (nW)       Library       
----------------------------------------------------------------
AND2X1         5783    85916.874    236.728    sclib_tsmc180_tt 
BUFX1           457     5786.351     18.673    sclib_tsmc180_tt 
DFFQSRX1       1931   190751.898    607.413    sclib_tsmc180_tt 
DFFQX1        10080   503798.400   1475.732    sclib_tsmc180_tt 
INVX1            42      347.390      0.827    sclib_tsmc180_tt 
INVX16           30      840.840      1.795    sclib_tsmc180_tt 
INVX2          3826    31645.611     75.205    sclib_tsmc180_tt 
INVX32            8      399.840      0.922    sclib_tsmc180_tt 
INVX4           433     4531.951      9.805    sclib_tsmc180_tt 
INVX8            67     1142.484      2.406    sclib_tsmc180_tt 
MUX2X1        13661   299886.272    855.326    sclib_tsmc180_tt 
NAND2X1       20909   264741.394    372.401    sclib_tsmc180_tt 
NAND3X1        4325    73749.900    103.884    sclib_tsmc180_tt 
NOR2X1         9774   123754.478    331.580    sclib_tsmc180_tt 
OR2X1          2939    43664.135    161.806    sclib_tsmc180_tt 
XOR2X1         4182   100953.476    370.291    sclib_tsmc180_tt 
----------------------------------------------------------------
total         78447  1731911.296   4624.794                     


                                              Leakage  Leakage 
     Type      Instances     Area    Area % Power (nW) Power % 
---------------------------------------------------------------
sequential         12011  694550.298   40.1   2083.145    45.0 
inverter            4406   38908.117    2.2     90.960     2.0 
buffer               457    5786.351    0.3     18.673     0.4 
logic              61573  992666.530   57.3   2432.015    52.6 
physical_cells         0       0.000    0.0      0.000     0.0 
---------------------------------------------------------------
total              78447 1731911.296  100.0   4624.794   100.0 

