============================================================
  Generated by:           Genus(TM) Synthesis Solution 21.15-s080_1
  Generated on:           Oct 30 2025  11:47:21 pm
  Module:                 high_speed_daq_controller
  Operating conditions:   PVT_1P8V_25C 
  Interconnect mode:      global
  Area mode:              timing library
============================================================

Timing
--------

Clock  Period 
--------------
clk   10000.0 


  Cost    Critical         Violating 
 Group   Path Slack  TNS     Paths   
-------------------------------------
C2C             0.6   0.0          0 
C2O        No paths   0.0            
clk          8980.8   0.0          0 
default    No paths   0.0            
I2C        No paths   0.0            
I2O        No paths   0.0            
-------------------------------------
Total                 0.0          0 

Instance Count
--------------
Leaf Instance Count             77802 
Physical Instance count             0 
Sequential Instance Count       12011 
Combinational Instance Count    65791 
Hierarchical Instance Count         1 

Area
----
Cell Area                          1725039.335
Physical Cell Area                 0.000
Total Cell Area (Cell+Physical)    1725039.335
Net Area                           709682.790
Total Area (Cell+Physical+Net)     2434722.125

Runtime                            653.481617 seconds
Elapsed Runtime                    1579 seconds
Genus peak memory usage            2443.36 
Innovus peak memory usage          no_value 
Hostname                           lab1-30.eng.utah.edu
